2023-12-19 18:12:862 INFO  HomePage :94 - Hovering mouse and clicking on Desktops tab : [[ChromeDriver: chrome on windows (813595feb3ee30bb877a370fc8bc28dd)] -> xpath: //a[@class='dropdown-toggle'][normalize-space()='Desktops']]
2023-12-19 18:12:923 INFO  HomePage :78 - Hovering mouse and Clicking on show all desktops : [[ChromeDriver: chrome on windows (813595feb3ee30bb877a370fc8bc28dd)] -> xpath: //a[normalize-space()='Show AllDesktops']]
2023-12-19 18:12:106 INFO  DesktopPage :43 - Clicking on sort by  option tab : [[ChromeDriver: chrome on windows (813595feb3ee30bb877a370fc8bc28dd)] -> id: input-sort]
2023-12-19 18:12:891 INFO  DesktopPage :48 - Selecting sort by (A to Z) option : [[ChromeDriver: chrome on windows (813595feb3ee30bb877a370fc8bc28dd)] -> id: input-sort]
2023-12-19 18:12:376 INFO  HomePage :70 - Clicking on currency selector : [[ChromeDriver: chrome on windows (246060c6b189caeb0d440204c25bdb98)] -> xpath: //span[normalize-space()='Currency']]
2023-12-19 18:12:135 INFO  HomePage :72 - Clicking on currency GBP : [[ChromeDriver: chrome on windows (246060c6b189caeb0d440204c25bdb98)] -> xpath: //button[normalize-space()='£Pound Sterling']]
2023-12-19 18:12:329 INFO  HomePage :94 - Hovering mouse and clicking on Desktops tab : [[ChromeDriver: chrome on windows (246060c6b189caeb0d440204c25bdb98)] -> xpath: //a[@class='dropdown-toggle'][normalize-space()='Desktops']]
2023-12-19 18:12:448 INFO  HomePage :78 - Hovering mouse and Clicking on show all desktops : [[ChromeDriver: chrome on windows (246060c6b189caeb0d440204c25bdb98)] -> xpath: //a[normalize-space()='Show AllDesktops']]
2023-12-19 18:12:607 INFO  DesktopPage :43 - Clicking on sort by  option tab : [[ChromeDriver: chrome on windows (246060c6b189caeb0d440204c25bdb98)] -> id: input-sort]
2023-12-19 18:12:218 INFO  DesktopPage :48 - Selecting sort by (A to Z) option : [[ChromeDriver: chrome on windows (246060c6b189caeb0d440204c25bdb98)] -> id: input-sort]
2023-12-19 18:12:220 INFO  DesktopPage :98 - List Of Product : [[ChromeDriver: chrome on windows (246060c6b189caeb0d440204c25bdb98)] -> xpath: //h4/a]
2023-12-19 18:12:260 INFO  ProductPage :55 - Verify Product name : [[ChromeDriver: chrome on windows (246060c6b189caeb0d440204c25bdb98)] -> css selector: div[id='content'] h1]
2023-12-19 18:12:576 INFO  ShoppingCartPage :51 - Checking for shopping cart text : [[ChromeDriver: chrome on windows (246060c6b189caeb0d440204c25bdb98)] -> xpath: //div[@id='content']//h1]
2023-12-19 18:12:628 INFO  ShoppingCartPage :56 - Getting product name text in shopping cart : [[ChromeDriver: chrome on windows (246060c6b189caeb0d440204c25bdb98)] -> xpath: //div[@class = 'table-responsive']/table/tbody/tr/td[2]/a]
2023-12-19 18:12:695 INFO  ShoppingCartPage :66 - Getting model details in shopping cart : [[ChromeDriver: chrome on windows (246060c6b189caeb0d440204c25bdb98)] -> xpath: //div[@class = 'table-responsive']/table/tbody/tr/td[3]]
2023-12-19 18:12:754 INFO  ShoppingCartPage :71 - Getting total amount in shopping cart : [[ChromeDriver: chrome on windows (246060c6b189caeb0d440204c25bdb98)] -> xpath: //div[@class = 'table-responsive']/table/tbody/tr/td[6]]
2023-12-19 18:12:946 INFO  HomePage :70 - Clicking on currency selector : [[ChromeDriver: chrome on windows (a925aa19adef2c55ee0d536c37a3784f)] -> xpath: //span[normalize-space()='Currency']]
2023-12-19 18:12:844 INFO  HomePage :72 - Clicking on currency GBP : [[ChromeDriver: chrome on windows (a925aa19adef2c55ee0d536c37a3784f)] -> xpath: //button[normalize-space()='£Pound Sterling']]
2023-12-19 18:12:16 INFO  HomePage :94 - Hovering mouse and clicking on Desktops tab : [[ChromeDriver: chrome on windows (a925aa19adef2c55ee0d536c37a3784f)] -> xpath: //a[@class='dropdown-toggle'][normalize-space()='Desktops']]
2023-12-19 18:12:35 INFO  HomePage :78 - Hovering mouse and Clicking on show all desktops : [[ChromeDriver: chrome on windows (a925aa19adef2c55ee0d536c37a3784f)] -> xpath: //a[normalize-space()='Show AllDesktops']]
2023-12-19 18:12:160 INFO  DesktopPage :43 - Clicking on sort by  option tab : [[ChromeDriver: chrome on windows (a925aa19adef2c55ee0d536c37a3784f)] -> id: input-sort]
2023-12-19 18:12:801 INFO  DesktopPage :48 - Selecting sort by (A to Z) option : [[ChromeDriver: chrome on windows (a925aa19adef2c55ee0d536c37a3784f)] -> id: input-sort]
2023-12-19 18:12:872 INFO  DesktopPage :98 - List Of Product : [[ChromeDriver: chrome on windows (a925aa19adef2c55ee0d536c37a3784f)] -> xpath: //h4/a]
2023-12-19 18:12:903 INFO  ProductPage :55 - Verify Product name : [[ChromeDriver: chrome on windows (a925aa19adef2c55ee0d536c37a3784f)] -> css selector: div[id='content'] h1]
2023-12-19 18:12:98 INFO  ShoppingCartPage :51 - Checking for shopping cart text : [[ChromeDriver: chrome on windows (a925aa19adef2c55ee0d536c37a3784f)] -> xpath: //div[@id='content']//h1]
2023-12-19 18:12:156 INFO  ShoppingCartPage :56 - Getting product name text in shopping cart : [[ChromeDriver: chrome on windows (a925aa19adef2c55ee0d536c37a3784f)] -> xpath: //div[@class = 'table-responsive']/table/tbody/tr/td[2]/a]
2023-12-19 18:12:205 INFO  ShoppingCartPage :66 - Getting model details in shopping cart : [[ChromeDriver: chrome on windows (a925aa19adef2c55ee0d536c37a3784f)] -> xpath: //div[@class = 'table-responsive']/table/tbody/tr/td[3]]
2023-12-19 18:12:253 INFO  ShoppingCartPage :71 - Getting total amount in shopping cart : [[ChromeDriver: chrome on windows (a925aa19adef2c55ee0d536c37a3784f)] -> xpath: //div[@class = 'table-responsive']/table/tbody/tr/td[6]]
2023-12-19 18:12:128 INFO  HomePage :70 - Clicking on currency selector : [[ChromeDriver: chrome on windows (ee44fd4731ff32a6de98b82367b7e5b8)] -> xpath: //span[normalize-space()='Currency']]
2023-12-19 18:12:23 INFO  HomePage :72 - Clicking on currency GBP : [[ChromeDriver: chrome on windows (ee44fd4731ff32a6de98b82367b7e5b8)] -> xpath: //button[normalize-space()='£Pound Sterling']]
2023-12-19 18:12:221 INFO  HomePage :94 - Hovering mouse and clicking on Desktops tab : [[ChromeDriver: chrome on windows (ee44fd4731ff32a6de98b82367b7e5b8)] -> xpath: //a[@class='dropdown-toggle'][normalize-space()='Desktops']]
2023-12-19 18:12:212 INFO  HomePage :78 - Hovering mouse and Clicking on show all desktops : [[ChromeDriver: chrome on windows (ee44fd4731ff32a6de98b82367b7e5b8)] -> xpath: //a[normalize-space()='Show AllDesktops']]
2023-12-19 18:12:330 INFO  DesktopPage :43 - Clicking on sort by  option tab : [[ChromeDriver: chrome on windows (ee44fd4731ff32a6de98b82367b7e5b8)] -> id: input-sort]
2023-12-19 18:12:993 INFO  DesktopPage :48 - Selecting sort by (A to Z) option : [[ChromeDriver: chrome on windows (ee44fd4731ff32a6de98b82367b7e5b8)] -> id: input-sort]
2023-12-19 18:12:03 INFO  DesktopPage :98 - List Of Product : [[ChromeDriver: chrome on windows (ee44fd4731ff32a6de98b82367b7e5b8)] -> xpath: //h4/a]
2023-12-19 18:12:33 INFO  ProductPage :55 - Verify Product name : [[ChromeDriver: chrome on windows (ee44fd4731ff32a6de98b82367b7e5b8)] -> css selector: div[id='content'] h1]
2023-12-19 18:12:401 INFO  ShoppingCartPage :51 - Checking for shopping cart text : [[ChromeDriver: chrome on windows (ee44fd4731ff32a6de98b82367b7e5b8)] -> xpath: //div[@id='content']//h1]
2023-12-19 18:12:457 INFO  ShoppingCartPage :56 - Getting product name text in shopping cart : [[ChromeDriver: chrome on windows (ee44fd4731ff32a6de98b82367b7e5b8)] -> xpath: //div[@class = 'table-responsive']/table/tbody/tr/td[2]/a]
2023-12-19 18:12:514 INFO  ShoppingCartPage :66 - Getting model details in shopping cart : [[ChromeDriver: chrome on windows (ee44fd4731ff32a6de98b82367b7e5b8)] -> xpath: //div[@class = 'table-responsive']/table/tbody/tr/td[3]]
2023-12-19 18:12:571 INFO  ShoppingCartPage :71 - Getting total amount in shopping cart : [[ChromeDriver: chrome on windows (ee44fd4731ff32a6de98b82367b7e5b8)] -> xpath: //div[@class = 'table-responsive']/table/tbody/tr/td[6]]
2023-12-19 18:12:197 INFO  HomePage :70 - Clicking on currency selector : [[ChromeDriver: chrome on windows (8885378b02240a60166890dacd689ed1)] -> xpath: //span[normalize-space()='Currency']]
2023-12-19 18:12:05 INFO  HomePage :72 - Clicking on currency GBP : [[ChromeDriver: chrome on windows (8885378b02240a60166890dacd689ed1)] -> xpath: //button[normalize-space()='£Pound Sterling']]
2023-12-19 18:12:173 INFO  HomePage :94 - Hovering mouse and clicking on Desktops tab : [[ChromeDriver: chrome on windows (8885378b02240a60166890dacd689ed1)] -> xpath: //a[@class='dropdown-toggle'][normalize-space()='Desktops']]
2023-12-19 18:12:197 INFO  HomePage :78 - Hovering mouse and Clicking on show all desktops : [[ChromeDriver: chrome on windows (8885378b02240a60166890dacd689ed1)] -> xpath: //a[normalize-space()='Show AllDesktops']]
2023-12-19 18:12:276 INFO  DesktopPage :43 - Clicking on sort by  option tab : [[ChromeDriver: chrome on windows (8885378b02240a60166890dacd689ed1)] -> id: input-sort]
2023-12-19 18:12:860 INFO  DesktopPage :48 - Selecting sort by (A to Z) option : [[ChromeDriver: chrome on windows (8885378b02240a60166890dacd689ed1)] -> id: input-sort]
2023-12-19 18:12:928 INFO  DesktopPage :98 - List Of Product : [[ChromeDriver: chrome on windows (8885378b02240a60166890dacd689ed1)] -> xpath: //h4/a]
2023-12-19 18:12:956 INFO  ProductPage :55 - Verify Product name : [[ChromeDriver: chrome on windows (8885378b02240a60166890dacd689ed1)] -> css selector: div[id='content'] h1]
2023-12-19 18:12:158 INFO  ShoppingCartPage :51 - Checking for shopping cart text : [[ChromeDriver: chrome on windows (8885378b02240a60166890dacd689ed1)] -> xpath: //div[@id='content']//h1]
2023-12-19 18:12:203 INFO  ShoppingCartPage :56 - Getting product name text in shopping cart : [[ChromeDriver: chrome on windows (8885378b02240a60166890dacd689ed1)] -> xpath: //div[@class = 'table-responsive']/table/tbody/tr/td[2]/a]
2023-12-19 18:12:256 INFO  ShoppingCartPage :66 - Getting model details in shopping cart : [[ChromeDriver: chrome on windows (8885378b02240a60166890dacd689ed1)] -> xpath: //div[@class = 'table-responsive']/table/tbody/tr/td[3]]
2023-12-19 18:12:307 INFO  ShoppingCartPage :71 - Getting total amount in shopping cart : [[ChromeDriver: chrome on windows (8885378b02240a60166890dacd689ed1)] -> xpath: //div[@class = 'table-responsive']/table/tbody/tr/td[6]]
2023-12-19 18:12:904 INFO  HomePage :70 - Clicking on currency selector : [[ChromeDriver: chrome on windows (b98fb586ae969e526f324a977bf94050)] -> xpath: //span[normalize-space()='Currency']]
2023-12-19 18:12:76 INFO  HomePage :72 - Clicking on currency GBP : [[ChromeDriver: chrome on windows (b98fb586ae969e526f324a977bf94050)] -> xpath: //button[normalize-space()='£Pound Sterling']]
2023-12-19 18:12:275 INFO  HomePage :94 - Hovering mouse and clicking on Desktops tab : [[ChromeDriver: chrome on windows (b98fb586ae969e526f324a977bf94050)] -> xpath: //a[@class='dropdown-toggle'][normalize-space()='Desktops']]
2023-12-19 18:12:705 INFO  HomePage :78 - Hovering mouse and Clicking on show all desktops : [[ChromeDriver: chrome on windows (b98fb586ae969e526f324a977bf94050)] -> xpath: //a[normalize-space()='Show AllDesktops']]
2023-12-19 18:12:841 INFO  DesktopPage :43 - Clicking on sort by  option tab : [[ChromeDriver: chrome on windows (b98fb586ae969e526f324a977bf94050)] -> id: input-sort]
2023-12-19 18:12:481 INFO  DesktopPage :48 - Selecting sort by (A to Z) option : [[ChromeDriver: chrome on windows (b98fb586ae969e526f324a977bf94050)] -> id: input-sort]
2023-12-19 18:12:801 INFO  DesktopPage :98 - List Of Product : [[ChromeDriver: chrome on windows (b98fb586ae969e526f324a977bf94050)] -> xpath: //h4/a]
2023-12-19 18:12:831 INFO  ProductPage :55 - Verify Product name : [[ChromeDriver: chrome on windows (b98fb586ae969e526f324a977bf94050)] -> css selector: div[id='content'] h1]
2023-12-19 18:12:149 INFO  ShoppingCartPage :51 - Checking for shopping cart text : [[ChromeDriver: chrome on windows (b98fb586ae969e526f324a977bf94050)] -> xpath: //div[@id='content']//h1]
2023-12-19 18:12:205 INFO  ShoppingCartPage :56 - Getting product name text in shopping cart : [[ChromeDriver: chrome on windows (b98fb586ae969e526f324a977bf94050)] -> xpath: //div[@class = 'table-responsive']/table/tbody/tr/td[2]/a]
2023-12-19 18:12:254 INFO  ShoppingCartPage :66 - Getting model details in shopping cart : [[ChromeDriver: chrome on windows (b98fb586ae969e526f324a977bf94050)] -> xpath: //div[@class = 'table-responsive']/table/tbody/tr/td[3]]
2023-12-19 18:12:299 INFO  ShoppingCartPage :71 - Getting total amount in shopping cart : [[ChromeDriver: chrome on windows (b98fb586ae969e526f324a977bf94050)] -> xpath: //div[@class = 'table-responsive']/table/tbody/tr/td[6]]
2023-12-19 18:12:676 INFO  HomePage :70 - Clicking on currency selector : [[ChromeDriver: chrome on windows (d66aa01622683f440afa50a8619c07e6)] -> xpath: //span[normalize-space()='Currency']]
2023-12-19 18:12:04 INFO  HomePage :72 - Clicking on currency GBP : [[ChromeDriver: chrome on windows (d66aa01622683f440afa50a8619c07e6)] -> xpath: //button[normalize-space()='£Pound Sterling']]
2023-12-19 18:12:189 INFO  HomePage :94 - Hovering mouse and clicking on Desktops tab : [[ChromeDriver: chrome on windows (d66aa01622683f440afa50a8619c07e6)] -> xpath: //a[@class='dropdown-toggle'][normalize-space()='Desktops']]
2023-12-19 18:12:760 INFO  HomePage :78 - Hovering mouse and Clicking on show all desktops : [[ChromeDriver: chrome on windows (d66aa01622683f440afa50a8619c07e6)] -> xpath: //a[normalize-space()='Show AllDesktops']]
2023-12-19 18:12:940 INFO  DesktopPage :43 - Clicking on sort by  option tab : [[ChromeDriver: chrome on windows (d66aa01622683f440afa50a8619c07e6)] -> id: input-sort]
2023-12-19 18:12:575 INFO  DesktopPage :48 - Selecting sort by (A to Z) option : [[ChromeDriver: chrome on windows (d66aa01622683f440afa50a8619c07e6)] -> id: input-sort]
2023-12-19 18:12:604 INFO  DesktopPage :98 - List Of Product : [[ChromeDriver: chrome on windows (d66aa01622683f440afa50a8619c07e6)] -> xpath: //h4/a]
2023-12-19 18:12:634 INFO  ProductPage :55 - Verify Product name : [[ChromeDriver: chrome on windows (d66aa01622683f440afa50a8619c07e6)] -> css selector: div[id='content'] h1]
2023-12-19 18:12:962 INFO  ShoppingCartPage :51 - Checking for shopping cart text : [[ChromeDriver: chrome on windows (d66aa01622683f440afa50a8619c07e6)] -> xpath: //div[@id='content']//h1]
2023-12-19 18:12:09 INFO  ShoppingCartPage :56 - Getting product name text in shopping cart : [[ChromeDriver: chrome on windows (d66aa01622683f440afa50a8619c07e6)] -> xpath: //div[@class = 'table-responsive']/table/tbody/tr/td[2]/a]
2023-12-19 18:12:67 INFO  ShoppingCartPage :66 - Getting model details in shopping cart : [[ChromeDriver: chrome on windows (d66aa01622683f440afa50a8619c07e6)] -> xpath: //div[@class = 'table-responsive']/table/tbody/tr/td[3]]
2023-12-19 18:12:117 INFO  ShoppingCartPage :71 - Getting total amount in shopping cart : [[ChromeDriver: chrome on windows (d66aa01622683f440afa50a8619c07e6)] -> xpath: //div[@class = 'table-responsive']/table/tbody/tr/td[6]]
2023-12-19 18:12:330 INFO  HomePage :99 - Hovering mouse and clicking on Laptops and Notebooks tab : [[ChromeDriver: chrome on windows (dffa320a6346663b137cff074ca16a4f)] -> xpath: //a[normalize-space()='Laptops & Notebooks']]
2023-12-19 18:12:490 INFO  HomePage :82 - Hovering mouse and Clicking on show all Laptops and Notebooks : [[ChromeDriver: chrome on windows (dffa320a6346663b137cff074ca16a4f)] -> xpath: //a[normalize-space()='Show AllLaptops & Notebooks']]
2023-12-19 18:12:615 INFO  LaptopAndNoteBookPage :54 - Clicking on SortBy filter drop down : [[ChromeDriver: chrome on windows (dffa320a6346663b137cff074ca16a4f)] -> id: input-sort]
2023-12-19 18:12:252 INFO  LaptopAndNoteBookPage :58 - Selecting sort by Price(High>Low) option : [[ChromeDriver: chrome on windows (dffa320a6346663b137cff074ca16a4f)] -> id: input-sort]
2023-12-19 18:12:393 INFO  LaptopAndNoteBookPage :68 - Taking actual sorted product prices : [[[ChromeDriver: chrome on windows (dffa320a6346663b137cff074ca16a4f)] -> xpath: //p[@class ='price']], [[ChromeDriver: chrome on windows (dffa320a6346663b137cff074ca16a4f)] -> xpath: //p[@class ='price']], [[ChromeDriver: chrome on windows (dffa320a6346663b137cff074ca16a4f)] -> xpath: //p[@class ='price']], [[ChromeDriver: chrome on windows (dffa320a6346663b137cff074ca16a4f)] -> xpath: //p[@class ='price']], [[ChromeDriver: chrome on windows (dffa320a6346663b137cff074ca16a4f)] -> xpath: //p[@class ='price']]]
2023-12-19 18:12:512 INFO  LaptopAndNoteBookPage :81 - Taking the prices and sorting is by collection.sort : [[[ChromeDriver: chrome on windows (dffa320a6346663b137cff074ca16a4f)] -> xpath: //p[@class ='price']], [[ChromeDriver: chrome on windows (dffa320a6346663b137cff074ca16a4f)] -> xpath: //p[@class ='price']], [[ChromeDriver: chrome on windows (dffa320a6346663b137cff074ca16a4f)] -> xpath: //p[@class ='price']], [[ChromeDriver: chrome on windows (dffa320a6346663b137cff074ca16a4f)] -> xpath: //p[@class ='price']], [[ChromeDriver: chrome on windows (dffa320a6346663b137cff074ca16a4f)] -> xpath: //p[@class ='price']]]
2023-12-19 18:12:657 INFO  HomePage :99 - Hovering mouse and clicking on Laptops and Notebooks tab : [[ChromeDriver: chrome on windows (5041fcd6a99aa4351ea4e217f80aa92b)] -> xpath: //a[normalize-space()='Laptops & Notebooks']]
2023-12-19 18:12:808 INFO  HomePage :82 - Hovering mouse and Clicking on show all Laptops and Notebooks : [[ChromeDriver: chrome on windows (5041fcd6a99aa4351ea4e217f80aa92b)] -> xpath: //a[normalize-space()='Show AllLaptops & Notebooks']]
2023-12-19 18:12:888 INFO  LaptopAndNoteBookPage :54 - Clicking on SortBy filter drop down : [[ChromeDriver: chrome on windows (5041fcd6a99aa4351ea4e217f80aa92b)] -> id: input-sort]
2023-12-19 18:12:481 INFO  LaptopAndNoteBookPage :58 - Selecting sort by Price(High>Low) option : [[ChromeDriver: chrome on windows (5041fcd6a99aa4351ea4e217f80aa92b)] -> id: input-sort]
2023-12-19 18:12:133 INFO  LaptopAndNoteBookPage :87 - Clicking on MacBook product link : [[ChromeDriver: chrome on windows (5041fcd6a99aa4351ea4e217f80aa92b)] -> link text: MacBook]
2023-12-19 18:12:162 INFO  MacBookPage :31 - Getting text from macbook page : [[ChromeDriver: chrome on windows (5041fcd6a99aa4351ea4e217f80aa92b)] -> xpath: //h1[contains(text(),'MacBook')]]
2023-12-19 18:12:279 INFO  MacBookPage :37 - Clicking on add to cart : [[ChromeDriver: chrome on windows (5041fcd6a99aa4351ea4e217f80aa92b)] -> xpath: //button[@id='button-cart']]
2023-12-19 18:12:706 INFO  MacBookPage :41 - Checking for product added to cart successfully : [[ChromeDriver: chrome on windows (5041fcd6a99aa4351ea4e217f80aa92b)] -> css selector: body:nth-child(2) div.container:nth-child(4) > div.alert.alert-success.alert-dismissible]
2023-12-19 18:12:237 INFO  MacBookPage :47 - Clicking on shopping cart : [[ChromeDriver: chrome on windows (5041fcd6a99aa4351ea4e217f80aa92b)] -> xpath: //div[@class='alert alert-success alert-dismissible']/a[2]]
2023-12-19 18:12:261 INFO  ShoppingCartPage :51 - Checking for shopping cart text : [[ChromeDriver: chrome on windows (5041fcd6a99aa4351ea4e217f80aa92b)] -> xpath: //div[@id='content']//h1]
2023-12-19 18:12:308 INFO  ShoppingCartPage :56 - Getting product name text in shopping cart : [[ChromeDriver: chrome on windows (5041fcd6a99aa4351ea4e217f80aa92b)] -> xpath: //div[@class = 'table-responsive']/table/tbody/tr/td[2]/a]
2023-12-19 18:12:511 INFO  ShoppingCartPage :78 - Sending quantity to quantity box in shopping cart : [[ChromeDriver: chrome on windows (5041fcd6a99aa4351ea4e217f80aa92b)] -> xpath: //div[@class='input-group btn-block']/input[@type='text']]
2023-12-19 18:12:366 INFO  ShoppingCartPage :83 - Clicking on refresh button : [[ChromeDriver: chrome on windows (5041fcd6a99aa4351ea4e217f80aa92b)] -> xpath: //i[@class = 'fa fa-refresh']]
2023-12-19 18:12:396 INFO  ShoppingCartPage :87 - Checking for success message after refreshing the product : [[ChromeDriver: chrome on windows (5041fcd6a99aa4351ea4e217f80aa92b)] -> xpath: //div[@id='checkout-cart']/div[1]]
2023-12-19 18:12:448 INFO  ShoppingCartPage :71 - Getting total amount in shopping cart : [[ChromeDriver: chrome on windows (5041fcd6a99aa4351ea4e217f80aa92b)] -> xpath: //div[@class = 'table-responsive']/table/tbody/tr/td[6]]
2023-12-19 18:12:48 INFO  ShoppingCartPage :93 - Clicking on logout button : Proxy element for: DefaultElementLocator 'By.xpath: //i[@class = 'fa fa-refresh']'
2023-12-19 18:12:81 INFO  CheckOutPage :87 - Getting text from checkout page : [[ChromeDriver: chrome on windows (5041fcd6a99aa4351ea4e217f80aa92b)] -> xpath: //h1[contains(text(),'Checkout')]]
2023-12-19 18:12:111 INFO  CheckOutPage :92 - Getting New Customer text : [[ChromeDriver: chrome on windows (5041fcd6a99aa4351ea4e217f80aa92b)] -> xpath: //h2[contains(text(),'New Customer')]]
2023-12-19 18:12:219 INFO  CheckOutPage :98 - Clicking on Guest checkout radio button : [[ChromeDriver: chrome on windows (5041fcd6a99aa4351ea4e217f80aa92b)] -> xpath: //div[@id='checkout-checkout']//input[@value='guest']]
2023-12-19 18:12:301 INFO  CheckOutPage :103 - Clicking on continue button : [[ChromeDriver: chrome on windows (5041fcd6a99aa4351ea4e217f80aa92b)] -> xpath: //input[@id='button-account']]
2023-12-19 18:12:704 INFO  CheckOutPage :118 - Sending firstname to billing details : [[ChromeDriver: chrome on windows (5041fcd6a99aa4351ea4e217f80aa92b)] -> id: input-payment-firstname]
2023-12-19 18:12:839 INFO  CheckOutPage :123 - Sending lastname to billing details : [[ChromeDriver: chrome on windows (5041fcd6a99aa4351ea4e217f80aa92b)] -> id: input-payment-lastname]
2023-12-19 18:12:972 INFO  CheckOutPage :128 - Sending email to billing details : [[ChromeDriver: chrome on windows (5041fcd6a99aa4351ea4e217f80aa92b)] -> id: input-payment-email]
2023-12-19 18:12:117 INFO  CheckOutPage :133 - Sending telephone to billing details : [[ChromeDriver: chrome on windows (5041fcd6a99aa4351ea4e217f80aa92b)] -> id: input-payment-telephone]
2023-12-19 18:12:270 INFO  CheckOutPage :138 - Sending address to billing details : [[ChromeDriver: chrome on windows (5041fcd6a99aa4351ea4e217f80aa92b)] -> id: input-payment-address-1]
2023-12-19 18:12:420 INFO  CheckOutPage :143 - Sending city to billing details : [[ChromeDriver: chrome on windows (5041fcd6a99aa4351ea4e217f80aa92b)] -> id: input-payment-city]
2023-12-19 18:12:555 INFO  CheckOutPage :148 - Sending postcode to billing details : [[ChromeDriver: chrome on windows (5041fcd6a99aa4351ea4e217f80aa92b)] -> id: input-payment-postcode]
2023-12-19 18:12:712 INFO  CheckOutPage :153 - Selecting country to billing details from dropdown : [[ChromeDriver: chrome on windows (5041fcd6a99aa4351ea4e217f80aa92b)] -> id: input-payment-country]
2023-12-19 18:12:886 INFO  CheckOutPage :158 - Selecting region to billing details from dropdown : [[ChromeDriver: chrome on windows (5041fcd6a99aa4351ea4e217f80aa92b)] -> id: input-payment-zone]
2023-12-19 18:12:986 INFO  CheckOutPage :108 - Clicking on continue button in billing details : [[ChromeDriver: chrome on windows (5041fcd6a99aa4351ea4e217f80aa92b)] -> xpath: //input[@id='button-guest']]
2023-12-19 18:12:464 INFO  CheckOutPage :163 - Sending comments to billing details : [[ChromeDriver: chrome on windows (5041fcd6a99aa4351ea4e217f80aa92b)] -> name: comment]
2023-12-19 18:12:653 INFO  CheckOutPage :168 - Clicking on terms and condition check box : [[ChromeDriver: chrome on windows (5041fcd6a99aa4351ea4e217f80aa92b)] -> xpath: //input[@name = 'agree']]
2023-12-19 18:12:787 INFO  CheckOutPage :113 - Clicking on continue button in comments details : [[ChromeDriver: chrome on windows (5041fcd6a99aa4351ea4e217f80aa92b)] -> id: button-payment-method]
2023-12-19 18:12:165 INFO  CheckOutPage :172 - Getting a payment method required warning message : [[ChromeDriver: chrome on windows (5041fcd6a99aa4351ea4e217f80aa92b)] -> xpath: //div[@class='alert alert-danger alert-dismissible']]
2023-12-19 18:12:661 INFO  HomePage :122 - Clicking on My Accounts Tab : [[ChromeDriver: chrome on windows (7de9b6a6eb75a85260ff02fa7c4c6083)] -> xpath: //span[contains(text(),'My Account')]]
2023-12-19 18:12:258 INFO  HomePage :126 - Getting text from Register Account : [[ChromeDriver: chrome on windows (7de9b6a6eb75a85260ff02fa7c4c6083)] -> xpath: //h1[contains(text(),'Register Account')]]
2023-12-19 18:12:544 INFO  HomePage :122 - Clicking on My Accounts Tab : [[ChromeDriver: chrome on windows (6540567a8c1ad4823c09edfa13c8f62b)] -> xpath: //span[contains(text(),'My Account')]]
2023-12-19 18:12:124 INFO  HomePage :131 - Getting text from Login Account : [[ChromeDriver: chrome on windows (6540567a8c1ad4823c09edfa13c8f62b)] -> xpath: //h2[contains(text(),'Returning Customer')]]
2023-12-19 18:12:553 INFO  HomePage :122 - Clicking on My Accounts Tab : [[ChromeDriver: chrome on windows (e4f75f3ce8e540c478fc35a6e397a3ac)] -> xpath: //span[contains(text(),'My Account')]]
2023-12-19 18:12:98 INFO  RegisterPage :53 - Sending firstname to register page : [[ChromeDriver: chrome on windows (e4f75f3ce8e540c478fc35a6e397a3ac)] -> name: firstname]
2023-12-19 18:12:245 INFO  RegisterPage :58 - Sending lastname to register page : [[ChromeDriver: chrome on windows (e4f75f3ce8e540c478fc35a6e397a3ac)] -> name: lastname]
2023-12-19 18:12:410 INFO  RegisterPage :63 - Sending email to register page : [[ChromeDriver: chrome on windows (e4f75f3ce8e540c478fc35a6e397a3ac)] -> name: email]
2023-12-19 18:12:543 INFO  RegisterPage :68 - Sending telephone to register page : [[ChromeDriver: chrome on windows (e4f75f3ce8e540c478fc35a6e397a3ac)] -> name: telephone]
2023-12-19 18:12:682 INFO  RegisterPage :73 - Sending password to register page : [[ChromeDriver: chrome on windows (e4f75f3ce8e540c478fc35a6e397a3ac)] -> name: password]
2023-12-19 18:12:830 INFO  RegisterPage :78 - Sending confirm password to register page : [[ChromeDriver: chrome on windows (e4f75f3ce8e540c478fc35a6e397a3ac)] -> name: confirm]
2023-12-19 18:12:945 INFO  RegisterPage :83 - Clicking on newsletter check box : [[ChromeDriver: chrome on windows (e4f75f3ce8e540c478fc35a6e397a3ac)] -> name: newsletter]
2023-12-19 18:12:55 INFO  RegisterPage :88 - Clicking on privacy policy check box : [[ChromeDriver: chrome on windows (e4f75f3ce8e540c478fc35a6e397a3ac)] -> name: agree]
2023-12-19 18:12:93 INFO  RegisterPage :93 - Clicking on continue button : [[ChromeDriver: chrome on windows (e4f75f3ce8e540c478fc35a6e397a3ac)] -> xpath: //input[@type='submit']]
2023-12-19 18:12:118 INFO  AccountCreationPage :24 - Getting account creation text Proxy element for: DefaultElementLocator 'By.xpath: //h1[normalize-space()='Your Account Has Been Created!']'
2023-12-19 18:12:538 INFO  HomePage :122 - Clicking on My Accounts Tab : [[ChromeDriver: chrome on windows (7c72e5a59b86dedcdaa015992c1e8ddc)] -> xpath: //span[contains(text(),'My Account')]]
2023-12-19 18:12:211 INFO  LoginPage :28 - Sending email to login page: [[ChromeDriver: chrome on windows (7c72e5a59b86dedcdaa015992c1e8ddc)] -> name: email]
2023-12-19 18:12:294 INFO  LoginPage :33 - Sending password to login page: [[ChromeDriver: chrome on windows (7c72e5a59b86dedcdaa015992c1e8ddc)] -> name: password]
2023-12-19 18:12:122 INFO  LoginPage :38 - Clicking on login button: [[ChromeDriver: chrome on windows (7c72e5a59b86dedcdaa015992c1e8ddc)] -> xpath: //input[@value='Login']]
2023-12-19 18:12:141 INFO  AccountPage :55 - Getting text from my account : [[ChromeDriver: chrome on windows (7c72e5a59b86dedcdaa015992c1e8ddc)] -> xpath: //div[@id='content']/h2[text()='My Account']]
2023-12-19 18:12:239 INFO  AccountPage :46 - Clicking on My Account link : [[ChromeDriver: chrome on windows (7c72e5a59b86dedcdaa015992c1e8ddc)] -> xpath: //a[@title='My Account']]
2023-12-19 18:12:73 INFO  LogoutPage :19 - Getting text from logout page : [[ChromeDriver: chrome on windows (7c72e5a59b86dedcdaa015992c1e8ddc)] -> xpath: //h1[contains(text(),'Account Logout')]]
2023-12-19 18:12:115 INFO  AccountCreationPage :29 - Clicking on continue after account button [[ChromeDriver: chrome on windows (7c72e5a59b86dedcdaa015992c1e8ddc)] -> xpath: //a[text()='Continue']]
2023-12-19 18:12:159 INFO  HomePage :94 - Hovering mouse and clicking on Desktops tab : [[ChromeDriver: chrome on windows (bee608fb0f5e97c78752757319baee57)] -> xpath: //a[@class='dropdown-toggle'][normalize-space()='Desktops']]
2023-12-19 18:12:547 INFO  HomePage :78 - Hovering mouse and Clicking on show all desktops : [[ChromeDriver: chrome on windows (bee608fb0f5e97c78752757319baee57)] -> xpath: //a[normalize-space()='Show AllDesktops']]
2023-12-19 18:12:574 INFO  DesktopPage :37 - Getting text from desktops page : [[ChromeDriver: chrome on windows (bee608fb0f5e97c78752757319baee57)] -> xpath: //h2[contains(text(),'Desktops')]]
2023-12-19 18:12:169 INFO  HomePage :99 - Hovering mouse and clicking on Laptops and Notebooks tab : [[ChromeDriver: chrome on windows (0ab1e4995546c2bb0add019372c05b81)] -> xpath: //a[normalize-space()='Laptops & Notebooks']]
2023-12-19 18:12:329 INFO  HomePage :82 - Hovering mouse and Clicking on show all Laptops and Notebooks : [[ChromeDriver: chrome on windows (0ab1e4995546c2bb0add019372c05b81)] -> xpath: //a[normalize-space()='Show AllLaptops & Notebooks']]
2023-12-19 18:12:361 INFO  LaptopAndNoteBookPage :35 - Getting text from Laptops and Notebooks page : [[ChromeDriver: chrome on windows (0ab1e4995546c2bb0add019372c05b81)] -> xpath: //h2[contains(text(),'Laptops & Notebooks')]]
2023-12-19 18:12:162 INFO  HomePage :104 - Hovering mouse and clicking on Components tab : [[ChromeDriver: chrome on windows (41748ec09ea0d5ba90148bad7d734e54)] -> xpath: //a[normalize-space()='Components']]
2023-12-19 18:12:00 INFO  HomePage :86 - Hovering mouse and Clicking on show all Components : [[ChromeDriver: chrome on windows (41748ec09ea0d5ba90148bad7d734e54)] -> xpath: //a[normalize-space()='Components']]
2023-12-19 18:12:22 INFO  ComponentsPage :19 - Getting text from components page : [[ChromeDriver: chrome on windows (41748ec09ea0d5ba90148bad7d734e54)] -> xpath: //h2[contains(text(),'Components')]]
2023-12-19 19:12:287 INFO  HomePage :94 - Hovering mouse and clicking on Desktops tab : [[ChromeDriver: chrome on windows (a5ace5b49733f3dfc07efa8c334146bd)] -> xpath: //a[@class='dropdown-toggle'][normalize-space()='Desktops']]
2023-12-19 19:12:648 INFO  HomePage :78 - Hovering mouse and Clicking on show all desktops : [[ChromeDriver: chrome on windows (a5ace5b49733f3dfc07efa8c334146bd)] -> xpath: //a[normalize-space()='Show AllDesktops']]
2023-12-19 19:12:756 INFO  DesktopPage :43 - Clicking on sort by  option tab : [[ChromeDriver: chrome on windows (a5ace5b49733f3dfc07efa8c334146bd)] -> id: input-sort]
2023-12-19 19:12:322 INFO  DesktopPage :48 - Selecting sort by (A to Z) option : [[ChromeDriver: chrome on windows (a5ace5b49733f3dfc07efa8c334146bd)] -> id: input-sort]
2023-12-19 19:12:501 INFO  HomePage :70 - Clicking on currency selector : [[ChromeDriver: chrome on windows (b34d2f5fb3cb92c33729dd2d059b7024)] -> xpath: //span[normalize-space()='Currency']]
2023-12-19 19:12:221 INFO  HomePage :72 - Clicking on currency GBP : [[ChromeDriver: chrome on windows (b34d2f5fb3cb92c33729dd2d059b7024)] -> xpath: //button[normalize-space()='£Pound Sterling']]
2023-12-19 19:12:399 INFO  HomePage :94 - Hovering mouse and clicking on Desktops tab : [[ChromeDriver: chrome on windows (b34d2f5fb3cb92c33729dd2d059b7024)] -> xpath: //a[@class='dropdown-toggle'][normalize-space()='Desktops']]
2023-12-19 19:12:881 INFO  HomePage :78 - Hovering mouse and Clicking on show all desktops : [[ChromeDriver: chrome on windows (b34d2f5fb3cb92c33729dd2d059b7024)] -> xpath: //a[normalize-space()='Show AllDesktops']]
2023-12-19 19:12:966 INFO  DesktopPage :43 - Clicking on sort by  option tab : [[ChromeDriver: chrome on windows (b34d2f5fb3cb92c33729dd2d059b7024)] -> id: input-sort]
2023-12-19 19:12:495 INFO  DesktopPage :48 - Selecting sort by (A to Z) option : [[ChromeDriver: chrome on windows (b34d2f5fb3cb92c33729dd2d059b7024)] -> id: input-sort]
2023-12-19 19:12:821 INFO  DesktopPage :98 - List Of Product : [[ChromeDriver: chrome on windows (b34d2f5fb3cb92c33729dd2d059b7024)] -> xpath: //h4/a]
2023-12-19 19:12:861 INFO  ProductPage :55 - Verify Product name : [[ChromeDriver: chrome on windows (b34d2f5fb3cb92c33729dd2d059b7024)] -> css selector: div[id='content'] h1]
2023-12-19 19:12:919 INFO  ShoppingCartPage :51 - Checking for shopping cart text : [[ChromeDriver: chrome on windows (b34d2f5fb3cb92c33729dd2d059b7024)] -> xpath: //div[@id='content']//h1]
2023-12-19 19:12:955 INFO  ShoppingCartPage :56 - Getting product name text in shopping cart : [[ChromeDriver: chrome on windows (b34d2f5fb3cb92c33729dd2d059b7024)] -> xpath: //div[@class = 'table-responsive']/table/tbody/tr/td[2]/a]
2023-12-19 19:12:990 INFO  ShoppingCartPage :66 - Getting model details in shopping cart : [[ChromeDriver: chrome on windows (b34d2f5fb3cb92c33729dd2d059b7024)] -> xpath: //div[@class = 'table-responsive']/table/tbody/tr/td[3]]
2023-12-19 19:12:28 INFO  ShoppingCartPage :71 - Getting total amount in shopping cart : [[ChromeDriver: chrome on windows (b34d2f5fb3cb92c33729dd2d059b7024)] -> xpath: //div[@class = 'table-responsive']/table/tbody/tr/td[6]]
2023-12-19 19:12:308 INFO  HomePage :70 - Clicking on currency selector : [[ChromeDriver: chrome on windows (3bb6848e98178c26b2c5d9df8c0f6cda)] -> xpath: //span[normalize-space()='Currency']]
2023-12-19 19:12:66 INFO  HomePage :72 - Clicking on currency GBP : [[ChromeDriver: chrome on windows (3bb6848e98178c26b2c5d9df8c0f6cda)] -> xpath: //button[normalize-space()='£Pound Sterling']]
2023-12-19 19:12:241 INFO  HomePage :94 - Hovering mouse and clicking on Desktops tab : [[ChromeDriver: chrome on windows (3bb6848e98178c26b2c5d9df8c0f6cda)] -> xpath: //a[@class='dropdown-toggle'][normalize-space()='Desktops']]
2023-12-19 19:12:776 INFO  HomePage :78 - Hovering mouse and Clicking on show all desktops : [[ChromeDriver: chrome on windows (3bb6848e98178c26b2c5d9df8c0f6cda)] -> xpath: //a[normalize-space()='Show AllDesktops']]
2023-12-19 19:12:867 INFO  DesktopPage :43 - Clicking on sort by  option tab : [[ChromeDriver: chrome on windows (3bb6848e98178c26b2c5d9df8c0f6cda)] -> id: input-sort]
2023-12-19 19:12:401 INFO  DesktopPage :48 - Selecting sort by (A to Z) option : [[ChromeDriver: chrome on windows (3bb6848e98178c26b2c5d9df8c0f6cda)] -> id: input-sort]
2023-12-19 19:12:934 INFO  DesktopPage :98 - List Of Product : [[ChromeDriver: chrome on windows (3bb6848e98178c26b2c5d9df8c0f6cda)] -> xpath: //h4/a]
2023-12-19 19:12:953 INFO  ProductPage :55 - Verify Product name : [[ChromeDriver: chrome on windows (3bb6848e98178c26b2c5d9df8c0f6cda)] -> css selector: div[id='content'] h1]
2023-12-19 19:12:487 INFO  HomePage :70 - Clicking on currency selector : [[ChromeDriver: chrome on windows (cc59d5c2034345f52138c3d31dca8772)] -> xpath: //span[normalize-space()='Currency']]
2023-12-19 19:12:190 INFO  HomePage :72 - Clicking on currency GBP : [[ChromeDriver: chrome on windows (cc59d5c2034345f52138c3d31dca8772)] -> xpath: //button[normalize-space()='£Pound Sterling']]
2023-12-19 19:12:358 INFO  HomePage :94 - Hovering mouse and clicking on Desktops tab : [[ChromeDriver: chrome on windows (cc59d5c2034345f52138c3d31dca8772)] -> xpath: //a[@class='dropdown-toggle'][normalize-space()='Desktops']]
2023-12-19 19:12:833 INFO  HomePage :78 - Hovering mouse and Clicking on show all desktops : [[ChromeDriver: chrome on windows (cc59d5c2034345f52138c3d31dca8772)] -> xpath: //a[normalize-space()='Show AllDesktops']]
2023-12-19 19:12:923 INFO  DesktopPage :43 - Clicking on sort by  option tab : [[ChromeDriver: chrome on windows (cc59d5c2034345f52138c3d31dca8772)] -> id: input-sort]
2023-12-19 19:12:441 INFO  DesktopPage :48 - Selecting sort by (A to Z) option : [[ChromeDriver: chrome on windows (cc59d5c2034345f52138c3d31dca8772)] -> id: input-sort]
2023-12-19 19:12:894 INFO  DesktopPage :98 - List Of Product : [[ChromeDriver: chrome on windows (cc59d5c2034345f52138c3d31dca8772)] -> xpath: //h4/a]
2023-12-19 19:12:916 INFO  ProductPage :55 - Verify Product name : [[ChromeDriver: chrome on windows (cc59d5c2034345f52138c3d31dca8772)] -> css selector: div[id='content'] h1]
2023-12-19 19:12:157 INFO  ShoppingCartPage :51 - Checking for shopping cart text : [[ChromeDriver: chrome on windows (cc59d5c2034345f52138c3d31dca8772)] -> xpath: //div[@id='content']//h1]
2023-12-19 19:12:192 INFO  ShoppingCartPage :56 - Getting product name text in shopping cart : [[ChromeDriver: chrome on windows (cc59d5c2034345f52138c3d31dca8772)] -> xpath: //div[@class = 'table-responsive']/table/tbody/tr/td[2]/a]
2023-12-19 19:12:226 INFO  ShoppingCartPage :66 - Getting model details in shopping cart : [[ChromeDriver: chrome on windows (cc59d5c2034345f52138c3d31dca8772)] -> xpath: //div[@class = 'table-responsive']/table/tbody/tr/td[3]]
2023-12-19 19:12:257 INFO  ShoppingCartPage :71 - Getting total amount in shopping cart : [[ChromeDriver: chrome on windows (cc59d5c2034345f52138c3d31dca8772)] -> xpath: //div[@class = 'table-responsive']/table/tbody/tr/td[6]]
2023-12-19 19:12:977 INFO  HomePage :70 - Clicking on currency selector : [[ChromeDriver: chrome on windows (763b74011a793e80da5142d1e3e77f01)] -> xpath: //span[normalize-space()='Currency']]
2023-12-19 19:12:705 INFO  HomePage :72 - Clicking on currency GBP : [[ChromeDriver: chrome on windows (763b74011a793e80da5142d1e3e77f01)] -> xpath: //button[normalize-space()='£Pound Sterling']]
2023-12-19 19:12:870 INFO  HomePage :94 - Hovering mouse and clicking on Desktops tab : [[ChromeDriver: chrome on windows (763b74011a793e80da5142d1e3e77f01)] -> xpath: //a[@class='dropdown-toggle'][normalize-space()='Desktops']]
2023-12-19 19:12:529 INFO  HomePage :78 - Hovering mouse and Clicking on show all desktops : [[ChromeDriver: chrome on windows (763b74011a793e80da5142d1e3e77f01)] -> xpath: //a[normalize-space()='Show AllDesktops']]
2023-12-19 19:12:607 INFO  DesktopPage :43 - Clicking on sort by  option tab : [[ChromeDriver: chrome on windows (763b74011a793e80da5142d1e3e77f01)] -> id: input-sort]
2023-12-19 19:12:104 INFO  DesktopPage :48 - Selecting sort by (A to Z) option : [[ChromeDriver: chrome on windows (763b74011a793e80da5142d1e3e77f01)] -> id: input-sort]
2023-12-19 19:12:839 INFO  DesktopPage :98 - List Of Product : [[ChromeDriver: chrome on windows (763b74011a793e80da5142d1e3e77f01)] -> xpath: //h4/a]
2023-12-19 19:12:858 INFO  ProductPage :55 - Verify Product name : [[ChromeDriver: chrome on windows (763b74011a793e80da5142d1e3e77f01)] -> css selector: div[id='content'] h1]
2023-12-19 19:12:880 INFO  ShoppingCartPage :51 - Checking for shopping cart text : [[ChromeDriver: chrome on windows (763b74011a793e80da5142d1e3e77f01)] -> xpath: //div[@id='content']//h1]
2023-12-19 19:12:911 INFO  ShoppingCartPage :56 - Getting product name text in shopping cart : [[ChromeDriver: chrome on windows (763b74011a793e80da5142d1e3e77f01)] -> xpath: //div[@class = 'table-responsive']/table/tbody/tr/td[2]/a]
2023-12-19 19:12:940 INFO  ShoppingCartPage :66 - Getting model details in shopping cart : [[ChromeDriver: chrome on windows (763b74011a793e80da5142d1e3e77f01)] -> xpath: //div[@class = 'table-responsive']/table/tbody/tr/td[3]]
2023-12-19 19:12:971 INFO  ShoppingCartPage :71 - Getting total amount in shopping cart : [[ChromeDriver: chrome on windows (763b74011a793e80da5142d1e3e77f01)] -> xpath: //div[@class = 'table-responsive']/table/tbody/tr/td[6]]
2023-12-19 19:12:835 INFO  HomePage :70 - Clicking on currency selector : [[ChromeDriver: chrome on windows (fe70b90cfad8b44aeb03eb5c2970432b)] -> xpath: //span[normalize-space()='Currency']]
2023-12-19 19:12:547 INFO  HomePage :72 - Clicking on currency GBP : [[ChromeDriver: chrome on windows (fe70b90cfad8b44aeb03eb5c2970432b)] -> xpath: //button[normalize-space()='£Pound Sterling']]
2023-12-19 19:12:706 INFO  HomePage :94 - Hovering mouse and clicking on Desktops tab : [[ChromeDriver: chrome on windows (fe70b90cfad8b44aeb03eb5c2970432b)] -> xpath: //a[@class='dropdown-toggle'][normalize-space()='Desktops']]
2023-12-19 19:12:12 INFO  HomePage :78 - Hovering mouse and Clicking on show all desktops : [[ChromeDriver: chrome on windows (fe70b90cfad8b44aeb03eb5c2970432b)] -> xpath: //a[normalize-space()='Show AllDesktops']]
2023-12-19 19:12:180 INFO  DesktopPage :43 - Clicking on sort by  option tab : [[ChromeDriver: chrome on windows (fe70b90cfad8b44aeb03eb5c2970432b)] -> id: input-sort]
2023-12-19 19:12:287 INFO  DesktopPage :48 - Selecting sort by (A to Z) option : [[ChromeDriver: chrome on windows (fe70b90cfad8b44aeb03eb5c2970432b)] -> id: input-sort]
2023-12-19 19:12:746 INFO  DesktopPage :98 - List Of Product : [[ChromeDriver: chrome on windows (fe70b90cfad8b44aeb03eb5c2970432b)] -> xpath: //h4/a]
2023-12-19 19:12:767 INFO  ProductPage :55 - Verify Product name : [[ChromeDriver: chrome on windows (fe70b90cfad8b44aeb03eb5c2970432b)] -> css selector: div[id='content'] h1]
2023-12-19 19:12:12 INFO  ShoppingCartPage :51 - Checking for shopping cart text : [[ChromeDriver: chrome on windows (fe70b90cfad8b44aeb03eb5c2970432b)] -> xpath: //div[@id='content']//h1]
2023-12-19 19:12:44 INFO  ShoppingCartPage :56 - Getting product name text in shopping cart : [[ChromeDriver: chrome on windows (fe70b90cfad8b44aeb03eb5c2970432b)] -> xpath: //div[@class = 'table-responsive']/table/tbody/tr/td[2]/a]
2023-12-19 19:12:76 INFO  ShoppingCartPage :66 - Getting model details in shopping cart : [[ChromeDriver: chrome on windows (fe70b90cfad8b44aeb03eb5c2970432b)] -> xpath: //div[@class = 'table-responsive']/table/tbody/tr/td[3]]
2023-12-19 19:12:109 INFO  ShoppingCartPage :71 - Getting total amount in shopping cart : [[ChromeDriver: chrome on windows (fe70b90cfad8b44aeb03eb5c2970432b)] -> xpath: //div[@class = 'table-responsive']/table/tbody/tr/td[6]]
2023-12-19 19:12:71 INFO  HomePage :70 - Clicking on currency selector : [[ChromeDriver: chrome on windows (873680c975028131a344d5e60f249756)] -> xpath: //span[normalize-space()='Currency']]
2023-12-19 19:12:776 INFO  HomePage :72 - Clicking on currency GBP : [[ChromeDriver: chrome on windows (873680c975028131a344d5e60f249756)] -> xpath: //button[normalize-space()='£Pound Sterling']]
2023-12-19 19:12:936 INFO  HomePage :94 - Hovering mouse and clicking on Desktops tab : [[ChromeDriver: chrome on windows (873680c975028131a344d5e60f249756)] -> xpath: //a[@class='dropdown-toggle'][normalize-space()='Desktops']]
2023-12-19 19:12:160 INFO  HomePage :78 - Hovering mouse and Clicking on show all desktops : [[ChromeDriver: chrome on windows (873680c975028131a344d5e60f249756)] -> xpath: //a[normalize-space()='Show AllDesktops']]
2023-12-19 19:12:247 INFO  DesktopPage :43 - Clicking on sort by  option tab : [[ChromeDriver: chrome on windows (873680c975028131a344d5e60f249756)] -> id: input-sort]
2023-12-19 19:12:746 INFO  DesktopPage :48 - Selecting sort by (A to Z) option : [[ChromeDriver: chrome on windows (873680c975028131a344d5e60f249756)] -> id: input-sort]
2023-12-19 19:12:230 INFO  DesktopPage :98 - List Of Product : [[ChromeDriver: chrome on windows (873680c975028131a344d5e60f249756)] -> xpath: //h4/a]
2023-12-19 19:12:253 INFO  ProductPage :55 - Verify Product name : [[ChromeDriver: chrome on windows (873680c975028131a344d5e60f249756)] -> css selector: div[id='content'] h1]
2023-12-19 19:12:514 INFO  HomePage :99 - Hovering mouse and clicking on Laptops and Notebooks tab : [[ChromeDriver: chrome on windows (b8db5770d757b7e5b929c1735cda6b4b)] -> xpath: //a[normalize-space()='Laptops & Notebooks']]
2023-12-19 19:12:268 INFO  HomePage :82 - Hovering mouse and Clicking on show all Laptops and Notebooks : [[ChromeDriver: chrome on windows (b8db5770d757b7e5b929c1735cda6b4b)] -> xpath: //a[normalize-space()='Show AllLaptops & Notebooks']]
2023-12-19 19:12:367 INFO  LaptopAndNoteBookPage :54 - Clicking on SortBy filter drop down : [[ChromeDriver: chrome on windows (b8db5770d757b7e5b929c1735cda6b4b)] -> id: input-sort]
2023-12-19 19:12:861 INFO  LaptopAndNoteBookPage :58 - Selecting sort by Price(High>Low) option : [[ChromeDriver: chrome on windows (b8db5770d757b7e5b929c1735cda6b4b)] -> id: input-sort]
2023-12-19 19:12:945 INFO  LaptopAndNoteBookPage :68 - Taking actual sorted product prices : [[[ChromeDriver: chrome on windows (b8db5770d757b7e5b929c1735cda6b4b)] -> xpath: //p[@class ='price']], [[ChromeDriver: chrome on windows (b8db5770d757b7e5b929c1735cda6b4b)] -> xpath: //p[@class ='price']], [[ChromeDriver: chrome on windows (b8db5770d757b7e5b929c1735cda6b4b)] -> xpath: //p[@class ='price']], [[ChromeDriver: chrome on windows (b8db5770d757b7e5b929c1735cda6b4b)] -> xpath: //p[@class ='price']], [[ChromeDriver: chrome on windows (b8db5770d757b7e5b929c1735cda6b4b)] -> xpath: //p[@class ='price']]]
2023-12-19 19:12:07 INFO  LaptopAndNoteBookPage :81 - Taking the prices and sorting is by collection.sort : [[[ChromeDriver: chrome on windows (b8db5770d757b7e5b929c1735cda6b4b)] -> xpath: //p[@class ='price']], [[ChromeDriver: chrome on windows (b8db5770d757b7e5b929c1735cda6b4b)] -> xpath: //p[@class ='price']], [[ChromeDriver: chrome on windows (b8db5770d757b7e5b929c1735cda6b4b)] -> xpath: //p[@class ='price']], [[ChromeDriver: chrome on windows (b8db5770d757b7e5b929c1735cda6b4b)] -> xpath: //p[@class ='price']], [[ChromeDriver: chrome on windows (b8db5770d757b7e5b929c1735cda6b4b)] -> xpath: //p[@class ='price']]]
2023-12-19 19:12:399 INFO  HomePage :99 - Hovering mouse and clicking on Laptops and Notebooks tab : [[ChromeDriver: chrome on windows (54346e5593f2e23e524f4158db73733b)] -> xpath: //a[normalize-space()='Laptops & Notebooks']]
2023-12-19 19:12:131 INFO  HomePage :82 - Hovering mouse and Clicking on show all Laptops and Notebooks : [[ChromeDriver: chrome on windows (54346e5593f2e23e524f4158db73733b)] -> xpath: //a[normalize-space()='Show AllLaptops & Notebooks']]
2023-12-19 19:12:217 INFO  LaptopAndNoteBookPage :54 - Clicking on SortBy filter drop down : [[ChromeDriver: chrome on windows (54346e5593f2e23e524f4158db73733b)] -> id: input-sort]
2023-12-19 19:12:696 INFO  LaptopAndNoteBookPage :58 - Selecting sort by Price(High>Low) option : [[ChromeDriver: chrome on windows (54346e5593f2e23e524f4158db73733b)] -> id: input-sort]
2023-12-19 19:12:64 INFO  LaptopAndNoteBookPage :87 - Clicking on MacBook product link : [[ChromeDriver: chrome on windows (54346e5593f2e23e524f4158db73733b)] -> link text: MacBook]
2023-12-19 19:12:87 INFO  MacBookPage :31 - Getting text from macbook page : [[ChromeDriver: chrome on windows (54346e5593f2e23e524f4158db73733b)] -> xpath: //h1[contains(text(),'MacBook')]]
2023-12-19 19:12:158 INFO  MacBookPage :37 - Clicking on add to cart : [[ChromeDriver: chrome on windows (54346e5593f2e23e524f4158db73733b)] -> xpath: //button[@id='button-cart']]
2023-12-19 19:12:429 INFO  MacBookPage :41 - Checking for product added to cart successfully : [[ChromeDriver: chrome on windows (54346e5593f2e23e524f4158db73733b)] -> css selector: body:nth-child(2) div.container:nth-child(4) > div.alert.alert-success.alert-dismissible]
2023-12-19 19:12:959 INFO  MacBookPage :47 - Clicking on shopping cart : [[ChromeDriver: chrome on windows (54346e5593f2e23e524f4158db73733b)] -> xpath: //div[@class='alert alert-success alert-dismissible']/a[2]]
2023-12-19 19:12:980 INFO  ShoppingCartPage :51 - Checking for shopping cart text : [[ChromeDriver: chrome on windows (54346e5593f2e23e524f4158db73733b)] -> xpath: //div[@id='content']//h1]
2023-12-19 19:12:09 INFO  ShoppingCartPage :56 - Getting product name text in shopping cart : [[ChromeDriver: chrome on windows (54346e5593f2e23e524f4158db73733b)] -> xpath: //div[@class = 'table-responsive']/table/tbody/tr/td[2]/a]
2023-12-19 19:12:136 INFO  ShoppingCartPage :78 - Sending quantity to quantity box in shopping cart : [[ChromeDriver: chrome on windows (54346e5593f2e23e524f4158db73733b)] -> xpath: //div[@class='input-group btn-block']/input[@type='text']]
2023-12-19 19:12:817 INFO  ShoppingCartPage :83 - Clicking on refresh button : [[ChromeDriver: chrome on windows (54346e5593f2e23e524f4158db73733b)] -> xpath: //i[@class = 'fa fa-refresh']]
2023-12-19 19:12:841 INFO  ShoppingCartPage :87 - Checking for success message after refreshing the product : [[ChromeDriver: chrome on windows (54346e5593f2e23e524f4158db73733b)] -> xpath: //div[@id='checkout-cart']/div[1]]
2023-12-19 19:12:874 INFO  ShoppingCartPage :71 - Getting total amount in shopping cart : [[ChromeDriver: chrome on windows (54346e5593f2e23e524f4158db73733b)] -> xpath: //div[@class = 'table-responsive']/table/tbody/tr/td[6]]
2023-12-19 19:12:321 INFO  ShoppingCartPage :93 - Clicking on logout button : Proxy element for: DefaultElementLocator 'By.xpath: //i[@class = 'fa fa-refresh']'
2023-12-19 19:12:342 INFO  CheckOutPage :87 - Getting text from checkout page : [[ChromeDriver: chrome on windows (54346e5593f2e23e524f4158db73733b)] -> xpath: //h1[contains(text(),'Checkout')]]
2023-12-19 19:12:372 INFO  CheckOutPage :92 - Getting New Customer text : [[ChromeDriver: chrome on windows (54346e5593f2e23e524f4158db73733b)] -> xpath: //h2[contains(text(),'New Customer')]]
2023-12-19 19:12:446 INFO  CheckOutPage :98 - Clicking on Guest checkout radio button : [[ChromeDriver: chrome on windows (54346e5593f2e23e524f4158db73733b)] -> xpath: //div[@id='checkout-checkout']//input[@value='guest']]
2023-12-19 19:12:516 INFO  CheckOutPage :103 - Clicking on continue button : [[ChromeDriver: chrome on windows (54346e5593f2e23e524f4158db73733b)] -> xpath: //input[@id='button-account']]
2023-12-19 19:12:426 INFO  CheckOutPage :118 - Sending firstname to billing details : [[ChromeDriver: chrome on windows (54346e5593f2e23e524f4158db73733b)] -> id: input-payment-firstname]
2023-12-19 19:12:524 INFO  CheckOutPage :123 - Sending lastname to billing details : [[ChromeDriver: chrome on windows (54346e5593f2e23e524f4158db73733b)] -> id: input-payment-lastname]
2023-12-19 19:12:639 INFO  CheckOutPage :128 - Sending email to billing details : [[ChromeDriver: chrome on windows (54346e5593f2e23e524f4158db73733b)] -> id: input-payment-email]
2023-12-19 19:12:748 INFO  CheckOutPage :133 - Sending telephone to billing details : [[ChromeDriver: chrome on windows (54346e5593f2e23e524f4158db73733b)] -> id: input-payment-telephone]
2023-12-19 19:12:841 INFO  CheckOutPage :138 - Sending address to billing details : [[ChromeDriver: chrome on windows (54346e5593f2e23e524f4158db73733b)] -> id: input-payment-address-1]
2023-12-19 19:12:936 INFO  CheckOutPage :143 - Sending city to billing details : [[ChromeDriver: chrome on windows (54346e5593f2e23e524f4158db73733b)] -> id: input-payment-city]
2023-12-19 19:12:22 INFO  CheckOutPage :148 - Sending postcode to billing details : [[ChromeDriver: chrome on windows (54346e5593f2e23e524f4158db73733b)] -> id: input-payment-postcode]
2023-12-19 19:12:115 INFO  CheckOutPage :153 - Selecting country to billing details from dropdown : [[ChromeDriver: chrome on windows (54346e5593f2e23e524f4158db73733b)] -> id: input-payment-country]
2023-12-19 19:12:236 INFO  CheckOutPage :158 - Selecting region to billing details from dropdown : [[ChromeDriver: chrome on windows (54346e5593f2e23e524f4158db73733b)] -> id: input-payment-zone]
2023-12-19 19:12:311 INFO  CheckOutPage :108 - Clicking on continue button in billing details : [[ChromeDriver: chrome on windows (54346e5593f2e23e524f4158db73733b)] -> xpath: //input[@id='button-guest']]
2023-12-19 19:12:26 INFO  CheckOutPage :163 - Sending comments to billing details : [[ChromeDriver: chrome on windows (54346e5593f2e23e524f4158db73733b)] -> name: comment]
2023-12-19 19:12:167 INFO  CheckOutPage :168 - Clicking on terms and condition check box : [[ChromeDriver: chrome on windows (54346e5593f2e23e524f4158db73733b)] -> xpath: //input[@name = 'agree']]
2023-12-19 19:12:240 INFO  CheckOutPage :113 - Clicking on continue button in comments details : [[ChromeDriver: chrome on windows (54346e5593f2e23e524f4158db73733b)] -> id: button-payment-method]
2023-12-19 19:12:567 INFO  CheckOutPage :172 - Getting a payment method required warning message : [[ChromeDriver: chrome on windows (54346e5593f2e23e524f4158db73733b)] -> xpath: //div[@class='alert alert-danger alert-dismissible']]
2023-12-19 19:12:244 INFO  HomePage :122 - Clicking on My Accounts Tab : [[ChromeDriver: chrome on windows (a81b5395db5a01e610cffe99cd94b767)] -> xpath: //span[contains(text(),'My Account')]]
2023-12-19 19:12:52 INFO  HomePage :126 - Getting text from Register Account : [[ChromeDriver: chrome on windows (a81b5395db5a01e610cffe99cd94b767)] -> xpath: //h1[contains(text(),'Register Account')]]
2023-12-19 19:12:858 INFO  HomePage :122 - Clicking on My Accounts Tab : [[ChromeDriver: chrome on windows (9379e509039ed566b4422f8e6cc05547)] -> xpath: //span[contains(text(),'My Account')]]
2023-12-19 19:12:363 INFO  HomePage :131 - Getting text from Login Account : [[ChromeDriver: chrome on windows (9379e509039ed566b4422f8e6cc05547)] -> xpath: //h2[contains(text(),'Returning Customer')]]
2023-12-19 19:12:460 INFO  HomePage :122 - Clicking on My Accounts Tab : [[ChromeDriver: chrome on windows (2162b1fae61ae1292ded071d3c43755b)] -> xpath: //span[contains(text(),'My Account')]]
2023-12-19 19:12:702 INFO  RegisterPage :53 - Sending firstname to register page : [[ChromeDriver: chrome on windows (2162b1fae61ae1292ded071d3c43755b)] -> name: firstname]
2023-12-19 19:12:802 INFO  RegisterPage :58 - Sending lastname to register page : [[ChromeDriver: chrome on windows (2162b1fae61ae1292ded071d3c43755b)] -> name: lastname]
2023-12-19 19:12:905 INFO  RegisterPage :63 - Sending email to register page : [[ChromeDriver: chrome on windows (2162b1fae61ae1292ded071d3c43755b)] -> name: email]
2023-12-19 19:12:995 INFO  RegisterPage :68 - Sending telephone to register page : [[ChromeDriver: chrome on windows (2162b1fae61ae1292ded071d3c43755b)] -> name: telephone]
2023-12-19 19:12:81 INFO  RegisterPage :73 - Sending password to register page : [[ChromeDriver: chrome on windows (2162b1fae61ae1292ded071d3c43755b)] -> name: password]
2023-12-19 19:12:167 INFO  RegisterPage :78 - Sending confirm password to register page : [[ChromeDriver: chrome on windows (2162b1fae61ae1292ded071d3c43755b)] -> name: confirm]
2023-12-19 19:12:233 INFO  RegisterPage :83 - Clicking on newsletter check box : [[ChromeDriver: chrome on windows (2162b1fae61ae1292ded071d3c43755b)] -> name: newsletter]
2023-12-19 19:12:292 INFO  RegisterPage :88 - Clicking on privacy policy check box : [[ChromeDriver: chrome on windows (2162b1fae61ae1292ded071d3c43755b)] -> name: agree]
2023-12-19 19:12:495 INFO  RegisterPage :93 - Clicking on continue button : [[ChromeDriver: chrome on windows (2162b1fae61ae1292ded071d3c43755b)] -> xpath: //input[@type='submit']]
2023-12-19 19:12:536 INFO  AccountCreationPage :24 - Getting account creation text Proxy element for: DefaultElementLocator 'By.xpath: //h1[normalize-space()='Your Account Has Been Created!']'
2023-12-19 19:12:512 INFO  HomePage :122 - Clicking on My Accounts Tab : [[ChromeDriver: chrome on windows (bbe940172049f7f91ef0508305898c1b)] -> xpath: //span[contains(text(),'My Account')]]
2023-12-19 19:12:108 INFO  LoginPage :28 - Sending email to login page: [[ChromeDriver: chrome on windows (bbe940172049f7f91ef0508305898c1b)] -> name: email]
2023-12-19 19:12:226 INFO  LoginPage :33 - Sending password to login page: [[ChromeDriver: chrome on windows (bbe940172049f7f91ef0508305898c1b)] -> name: password]
2023-12-19 19:12:20 INFO  LoginPage :38 - Clicking on login button: [[ChromeDriver: chrome on windows (bbe940172049f7f91ef0508305898c1b)] -> xpath: //input[@value='Login']]
2023-12-19 19:12:64 INFO  AccountPage :55 - Getting text from my account : [[ChromeDriver: chrome on windows (bbe940172049f7f91ef0508305898c1b)] -> xpath: //div[@id='content']/h2[text()='My Account']]
2023-12-19 19:12:170 INFO  AccountPage :46 - Clicking on My Account link : [[ChromeDriver: chrome on windows (bbe940172049f7f91ef0508305898c1b)] -> xpath: //a[@title='My Account']]
2023-12-19 19:12:942 INFO  LogoutPage :19 - Getting text from logout page : [[ChromeDriver: chrome on windows (bbe940172049f7f91ef0508305898c1b)] -> xpath: //h1[contains(text(),'Account Logout')]]
2023-12-19 19:12:972 INFO  AccountCreationPage :29 - Clicking on continue after account button [[ChromeDriver: chrome on windows (bbe940172049f7f91ef0508305898c1b)] -> xpath: //a[text()='Continue']]
2023-12-19 19:12:316 INFO  HomePage :94 - Hovering mouse and clicking on Desktops tab : [[ChromeDriver: chrome on windows (23e4a97d9faaa669c68c8edd2a1cce8e)] -> xpath: //a[@class='dropdown-toggle'][normalize-space()='Desktops']]
2023-12-19 19:12:334 INFO  HomePage :78 - Hovering mouse and Clicking on show all desktops : [[ChromeDriver: chrome on windows (23e4a97d9faaa669c68c8edd2a1cce8e)] -> xpath: //a[normalize-space()='Show AllDesktops']]
2023-12-19 19:12:372 INFO  DesktopPage :37 - Getting text from desktops page : [[ChromeDriver: chrome on windows (23e4a97d9faaa669c68c8edd2a1cce8e)] -> xpath: //h2[contains(text(),'Desktops')]]
2023-12-19 19:12:365 INFO  HomePage :99 - Hovering mouse and clicking on Laptops and Notebooks tab : [[ChromeDriver: chrome on windows (d2903689c37d5562e5eaec57dbeac7de)] -> xpath: //a[normalize-space()='Laptops & Notebooks']]
2023-12-19 19:12:925 INFO  HomePage :82 - Hovering mouse and Clicking on show all Laptops and Notebooks : [[ChromeDriver: chrome on windows (d2903689c37d5562e5eaec57dbeac7de)] -> xpath: //a[normalize-space()='Show AllLaptops & Notebooks']]
2023-12-19 19:12:956 INFO  LaptopAndNoteBookPage :35 - Getting text from Laptops and Notebooks page : [[ChromeDriver: chrome on windows (d2903689c37d5562e5eaec57dbeac7de)] -> xpath: //h2[contains(text(),'Laptops & Notebooks')]]
2023-12-19 19:12:74 INFO  HomePage :104 - Hovering mouse and clicking on Components tab : [[ChromeDriver: chrome on windows (efa85b11a83f2933c2154a8b7b992f1f)] -> xpath: //a[normalize-space()='Components']]
2023-12-19 19:12:189 INFO  HomePage :86 - Hovering mouse and Clicking on show all Components : [[ChromeDriver: chrome on windows (efa85b11a83f2933c2154a8b7b992f1f)] -> xpath: //a[normalize-space()='Components']]
2023-12-19 19:12:228 INFO  ComponentsPage :19 - Getting text from components page : [[ChromeDriver: chrome on windows (efa85b11a83f2933c2154a8b7b992f1f)] -> xpath: //h2[contains(text(),'Components')]]
2023-12-19 19:12:772 INFO  HomePage :94 - Hovering mouse and clicking on Desktops tab : [[ChromeDriver: chrome on windows (dc27c32a134aa44107b84657bc4336cd)] -> xpath: //a[@class='dropdown-toggle'][normalize-space()='Desktops']]
2023-12-19 19:12:103 INFO  HomePage :78 - Hovering mouse and Clicking on show all desktops : [[ChromeDriver: chrome on windows (dc27c32a134aa44107b84657bc4336cd)] -> xpath: //a[normalize-space()='Show AllDesktops']]
2023-12-19 19:12:231 INFO  DesktopPage :43 - Clicking on sort by  option tab : [[ChromeDriver: chrome on windows (dc27c32a134aa44107b84657bc4336cd)] -> id: input-sort]
2023-12-19 19:12:829 INFO  DesktopPage :48 - Selecting sort by (A to Z) option : [[ChromeDriver: chrome on windows (dc27c32a134aa44107b84657bc4336cd)] -> id: input-sort]
2023-12-19 19:12:126 INFO  HomePage :70 - Clicking on currency selector : [[ChromeDriver: chrome on windows (17b9a0c4ccd53eff5c5bfbe5b4aae9ed)] -> xpath: //span[normalize-space()='Currency']]
2023-12-19 19:12:836 INFO  HomePage :72 - Clicking on currency GBP : [[ChromeDriver: chrome on windows (17b9a0c4ccd53eff5c5bfbe5b4aae9ed)] -> xpath: //button[normalize-space()='£Pound Sterling']]
2023-12-19 19:12:32 INFO  HomePage :94 - Hovering mouse and clicking on Desktops tab : [[ChromeDriver: chrome on windows (17b9a0c4ccd53eff5c5bfbe5b4aae9ed)] -> xpath: //a[@class='dropdown-toggle'][normalize-space()='Desktops']]
2023-12-19 19:12:272 INFO  HomePage :78 - Hovering mouse and Clicking on show all desktops : [[ChromeDriver: chrome on windows (17b9a0c4ccd53eff5c5bfbe5b4aae9ed)] -> xpath: //a[normalize-space()='Show AllDesktops']]
2023-12-19 19:12:381 INFO  DesktopPage :43 - Clicking on sort by  option tab : [[ChromeDriver: chrome on windows (17b9a0c4ccd53eff5c5bfbe5b4aae9ed)] -> id: input-sort]
2023-12-19 19:12:966 INFO  DesktopPage :48 - Selecting sort by (A to Z) option : [[ChromeDriver: chrome on windows (17b9a0c4ccd53eff5c5bfbe5b4aae9ed)] -> id: input-sort]
2023-12-19 19:12:365 INFO  DesktopPage :98 - List Of Product : [[ChromeDriver: chrome on windows (17b9a0c4ccd53eff5c5bfbe5b4aae9ed)] -> xpath: //h4/a]
2023-12-19 19:12:434 INFO  ProductPage :55 - Verify Product name : [[ChromeDriver: chrome on windows (17b9a0c4ccd53eff5c5bfbe5b4aae9ed)] -> css selector: div[id='content'] h1]
2023-12-19 19:12:550 INFO  ShoppingCartPage :51 - Checking for shopping cart text : [[ChromeDriver: chrome on windows (17b9a0c4ccd53eff5c5bfbe5b4aae9ed)] -> xpath: //div[@id='content']//h1]
2023-12-19 19:12:590 INFO  ShoppingCartPage :56 - Getting product name text in shopping cart : [[ChromeDriver: chrome on windows (17b9a0c4ccd53eff5c5bfbe5b4aae9ed)] -> xpath: //div[@class = 'table-responsive']/table/tbody/tr/td[2]/a]
2023-12-19 19:12:634 INFO  ShoppingCartPage :66 - Getting model details in shopping cart : [[ChromeDriver: chrome on windows (17b9a0c4ccd53eff5c5bfbe5b4aae9ed)] -> xpath: //div[@class = 'table-responsive']/table/tbody/tr/td[3]]
2023-12-19 19:12:679 INFO  ShoppingCartPage :71 - Getting total amount in shopping cart : [[ChromeDriver: chrome on windows (17b9a0c4ccd53eff5c5bfbe5b4aae9ed)] -> xpath: //div[@class = 'table-responsive']/table/tbody/tr/td[6]]
2023-12-19 19:12:586 INFO  HomePage :70 - Clicking on currency selector : [[ChromeDriver: chrome on windows (2d2e22794fff2383f2d27d5f1afa00d8)] -> xpath: //span[normalize-space()='Currency']]
2023-12-19 19:12:338 INFO  HomePage :72 - Clicking on currency GBP : [[ChromeDriver: chrome on windows (2d2e22794fff2383f2d27d5f1afa00d8)] -> xpath: //button[normalize-space()='£Pound Sterling']]
2023-12-19 19:12:505 INFO  HomePage :94 - Hovering mouse and clicking on Desktops tab : [[ChromeDriver: chrome on windows (2d2e22794fff2383f2d27d5f1afa00d8)] -> xpath: //a[@class='dropdown-toggle'][normalize-space()='Desktops']]
2023-12-19 19:12:753 INFO  HomePage :78 - Hovering mouse and Clicking on show all desktops : [[ChromeDriver: chrome on windows (2d2e22794fff2383f2d27d5f1afa00d8)] -> xpath: //a[normalize-space()='Show AllDesktops']]
2023-12-19 19:12:837 INFO  DesktopPage :43 - Clicking on sort by  option tab : [[ChromeDriver: chrome on windows (2d2e22794fff2383f2d27d5f1afa00d8)] -> id: input-sort]
2023-12-19 19:12:365 INFO  DesktopPage :48 - Selecting sort by (A to Z) option : [[ChromeDriver: chrome on windows (2d2e22794fff2383f2d27d5f1afa00d8)] -> id: input-sort]
2023-12-19 19:12:861 INFO  DesktopPage :98 - List Of Product : [[ChromeDriver: chrome on windows (2d2e22794fff2383f2d27d5f1afa00d8)] -> xpath: //h4/a]
2023-12-19 19:12:888 INFO  ProductPage :55 - Verify Product name : [[ChromeDriver: chrome on windows (2d2e22794fff2383f2d27d5f1afa00d8)] -> css selector: div[id='content'] h1]
2023-12-19 19:12:997 INFO  ShoppingCartPage :51 - Checking for shopping cart text : [[ChromeDriver: chrome on windows (2d2e22794fff2383f2d27d5f1afa00d8)] -> xpath: //div[@id='content']//h1]
2023-12-19 19:12:34 INFO  ShoppingCartPage :56 - Getting product name text in shopping cart : [[ChromeDriver: chrome on windows (2d2e22794fff2383f2d27d5f1afa00d8)] -> xpath: //div[@class = 'table-responsive']/table/tbody/tr/td[2]/a]
2023-12-19 19:12:78 INFO  ShoppingCartPage :66 - Getting model details in shopping cart : [[ChromeDriver: chrome on windows (2d2e22794fff2383f2d27d5f1afa00d8)] -> xpath: //div[@class = 'table-responsive']/table/tbody/tr/td[3]]
2023-12-19 19:12:112 INFO  ShoppingCartPage :71 - Getting total amount in shopping cart : [[ChromeDriver: chrome on windows (2d2e22794fff2383f2d27d5f1afa00d8)] -> xpath: //div[@class = 'table-responsive']/table/tbody/tr/td[6]]
2023-12-19 19:12:949 INFO  HomePage :70 - Clicking on currency selector : [[ChromeDriver: chrome on windows (ca9b02c11da64af2422252c9ea335b07)] -> xpath: //span[normalize-space()='Currency']]
2023-12-19 19:12:697 INFO  HomePage :72 - Clicking on currency GBP : [[ChromeDriver: chrome on windows (ca9b02c11da64af2422252c9ea335b07)] -> xpath: //button[normalize-space()='£Pound Sterling']]
2023-12-19 19:12:853 INFO  HomePage :94 - Hovering mouse and clicking on Desktops tab : [[ChromeDriver: chrome on windows (ca9b02c11da64af2422252c9ea335b07)] -> xpath: //a[@class='dropdown-toggle'][normalize-space()='Desktops']]
2023-12-19 19:12:197 INFO  HomePage :78 - Hovering mouse and Clicking on show all desktops : [[ChromeDriver: chrome on windows (ca9b02c11da64af2422252c9ea335b07)] -> xpath: //a[normalize-space()='Show AllDesktops']]
2023-12-19 19:12:281 INFO  DesktopPage :43 - Clicking on sort by  option tab : [[ChromeDriver: chrome on windows (ca9b02c11da64af2422252c9ea335b07)] -> id: input-sort]
2023-12-19 19:12:123 INFO  DesktopPage :48 - Selecting sort by (A to Z) option : [[ChromeDriver: chrome on windows (ca9b02c11da64af2422252c9ea335b07)] -> id: input-sort]
2023-12-19 19:12:21 INFO  DesktopPage :98 - List Of Product : [[ChromeDriver: chrome on windows (ca9b02c11da64af2422252c9ea335b07)] -> xpath: //h4/a]
2023-12-19 19:12:40 INFO  ProductPage :55 - Verify Product name : [[ChromeDriver: chrome on windows (ca9b02c11da64af2422252c9ea335b07)] -> css selector: div[id='content'] h1]
2023-12-19 19:12:572 INFO  ShoppingCartPage :51 - Checking for shopping cart text : [[ChromeDriver: chrome on windows (ca9b02c11da64af2422252c9ea335b07)] -> xpath: //div[@id='content']//h1]
2023-12-19 19:12:604 INFO  ShoppingCartPage :56 - Getting product name text in shopping cart : [[ChromeDriver: chrome on windows (ca9b02c11da64af2422252c9ea335b07)] -> xpath: //div[@class = 'table-responsive']/table/tbody/tr/td[2]/a]
2023-12-19 19:12:641 INFO  ShoppingCartPage :66 - Getting model details in shopping cart : [[ChromeDriver: chrome on windows (ca9b02c11da64af2422252c9ea335b07)] -> xpath: //div[@class = 'table-responsive']/table/tbody/tr/td[3]]
2023-12-19 19:12:675 INFO  ShoppingCartPage :71 - Getting total amount in shopping cart : [[ChromeDriver: chrome on windows (ca9b02c11da64af2422252c9ea335b07)] -> xpath: //div[@class = 'table-responsive']/table/tbody/tr/td[6]]
2023-12-19 19:12:43 INFO  HomePage :70 - Clicking on currency selector : [[ChromeDriver: chrome on windows (e93f6f3cd0a5fb500ab5b88e81a29abd)] -> xpath: //span[normalize-space()='Currency']]
2023-12-19 19:12:795 INFO  HomePage :72 - Clicking on currency GBP : [[ChromeDriver: chrome on windows (e93f6f3cd0a5fb500ab5b88e81a29abd)] -> xpath: //button[normalize-space()='£Pound Sterling']]
2023-12-19 19:12:953 INFO  HomePage :94 - Hovering mouse and clicking on Desktops tab : [[ChromeDriver: chrome on windows (e93f6f3cd0a5fb500ab5b88e81a29abd)] -> xpath: //a[@class='dropdown-toggle'][normalize-space()='Desktops']]
2023-12-19 19:12:485 INFO  HomePage :78 - Hovering mouse and Clicking on show all desktops : [[ChromeDriver: chrome on windows (e93f6f3cd0a5fb500ab5b88e81a29abd)] -> xpath: //a[normalize-space()='Show AllDesktops']]
2023-12-19 19:12:577 INFO  DesktopPage :43 - Clicking on sort by  option tab : [[ChromeDriver: chrome on windows (e93f6f3cd0a5fb500ab5b88e81a29abd)] -> id: input-sort]
2023-12-19 19:12:364 INFO  DesktopPage :48 - Selecting sort by (A to Z) option : [[ChromeDriver: chrome on windows (e93f6f3cd0a5fb500ab5b88e81a29abd)] -> id: input-sort]
2023-12-19 19:12:322 INFO  DesktopPage :98 - List Of Product : [[ChromeDriver: chrome on windows (e93f6f3cd0a5fb500ab5b88e81a29abd)] -> xpath: //h4/a]
2023-12-19 19:12:341 INFO  ProductPage :55 - Verify Product name : [[ChromeDriver: chrome on windows (e93f6f3cd0a5fb500ab5b88e81a29abd)] -> css selector: div[id='content'] h1]
2023-12-19 19:12:517 INFO  ShoppingCartPage :51 - Checking for shopping cart text : [[ChromeDriver: chrome on windows (e93f6f3cd0a5fb500ab5b88e81a29abd)] -> xpath: //div[@id='content']//h1]
2023-12-19 19:12:562 INFO  ShoppingCartPage :56 - Getting product name text in shopping cart : [[ChromeDriver: chrome on windows (e93f6f3cd0a5fb500ab5b88e81a29abd)] -> xpath: //div[@class = 'table-responsive']/table/tbody/tr/td[2]/a]
2023-12-19 19:12:626 INFO  ShoppingCartPage :66 - Getting model details in shopping cart : [[ChromeDriver: chrome on windows (e93f6f3cd0a5fb500ab5b88e81a29abd)] -> xpath: //div[@class = 'table-responsive']/table/tbody/tr/td[3]]
2023-12-19 19:12:679 INFO  ShoppingCartPage :71 - Getting total amount in shopping cart : [[ChromeDriver: chrome on windows (e93f6f3cd0a5fb500ab5b88e81a29abd)] -> xpath: //div[@class = 'table-responsive']/table/tbody/tr/td[6]]
2023-12-19 19:12:934 INFO  HomePage :70 - Clicking on currency selector : [[ChromeDriver: chrome on windows (8ab0ca1b273ab978d404ba2ec7f83484)] -> xpath: //span[normalize-space()='Currency']]
2023-12-19 19:12:790 INFO  HomePage :72 - Clicking on currency GBP : [[ChromeDriver: chrome on windows (8ab0ca1b273ab978d404ba2ec7f83484)] -> xpath: //button[normalize-space()='£Pound Sterling']]
2023-12-19 19:12:26 INFO  HomePage :94 - Hovering mouse and clicking on Desktops tab : [[ChromeDriver: chrome on windows (8ab0ca1b273ab978d404ba2ec7f83484)] -> xpath: //a[@class='dropdown-toggle'][normalize-space()='Desktops']]
2023-12-19 19:12:741 INFO  HomePage :78 - Hovering mouse and Clicking on show all desktops : [[ChromeDriver: chrome on windows (8ab0ca1b273ab978d404ba2ec7f83484)] -> xpath: //a[normalize-space()='Show AllDesktops']]
2023-12-19 19:12:853 INFO  DesktopPage :43 - Clicking on sort by  option tab : [[ChromeDriver: chrome on windows (8ab0ca1b273ab978d404ba2ec7f83484)] -> id: input-sort]
2023-12-19 19:12:722 INFO  DesktopPage :48 - Selecting sort by (A to Z) option : [[ChromeDriver: chrome on windows (8ab0ca1b273ab978d404ba2ec7f83484)] -> id: input-sort]
2023-12-19 19:12:657 INFO  DesktopPage :98 - List Of Product : [[ChromeDriver: chrome on windows (8ab0ca1b273ab978d404ba2ec7f83484)] -> xpath: //h4/a]
2023-12-19 19:12:687 INFO  ProductPage :55 - Verify Product name : [[ChromeDriver: chrome on windows (8ab0ca1b273ab978d404ba2ec7f83484)] -> css selector: div[id='content'] h1]
2023-12-19 19:12:994 INFO  ShoppingCartPage :51 - Checking for shopping cart text : [[ChromeDriver: chrome on windows (8ab0ca1b273ab978d404ba2ec7f83484)] -> xpath: //div[@id='content']//h1]
2023-12-19 19:12:31 INFO  ShoppingCartPage :56 - Getting product name text in shopping cart : [[ChromeDriver: chrome on windows (8ab0ca1b273ab978d404ba2ec7f83484)] -> xpath: //div[@class = 'table-responsive']/table/tbody/tr/td[2]/a]
2023-12-19 19:12:66 INFO  ShoppingCartPage :66 - Getting model details in shopping cart : [[ChromeDriver: chrome on windows (8ab0ca1b273ab978d404ba2ec7f83484)] -> xpath: //div[@class = 'table-responsive']/table/tbody/tr/td[3]]
2023-12-19 19:12:106 INFO  ShoppingCartPage :71 - Getting total amount in shopping cart : [[ChromeDriver: chrome on windows (8ab0ca1b273ab978d404ba2ec7f83484)] -> xpath: //div[@class = 'table-responsive']/table/tbody/tr/td[6]]
2023-12-19 19:12:888 INFO  HomePage :70 - Clicking on currency selector : [[ChromeDriver: chrome on windows (138006962f267008265e24968d018f98)] -> xpath: //span[normalize-space()='Currency']]
2023-12-19 19:12:667 INFO  HomePage :72 - Clicking on currency GBP : [[ChromeDriver: chrome on windows (138006962f267008265e24968d018f98)] -> xpath: //button[normalize-space()='£Pound Sterling']]
2023-12-19 19:12:833 INFO  HomePage :94 - Hovering mouse and clicking on Desktops tab : [[ChromeDriver: chrome on windows (138006962f267008265e24968d018f98)] -> xpath: //a[@class='dropdown-toggle'][normalize-space()='Desktops']]
2023-12-19 19:12:527 INFO  HomePage :78 - Hovering mouse and Clicking on show all desktops : [[ChromeDriver: chrome on windows (138006962f267008265e24968d018f98)] -> xpath: //a[normalize-space()='Show AllDesktops']]
2023-12-19 19:12:617 INFO  DesktopPage :43 - Clicking on sort by  option tab : [[ChromeDriver: chrome on windows (138006962f267008265e24968d018f98)] -> id: input-sort]
2023-12-19 19:12:372 INFO  DesktopPage :48 - Selecting sort by (A to Z) option : [[ChromeDriver: chrome on windows (138006962f267008265e24968d018f98)] -> id: input-sort]
2023-12-19 19:12:485 INFO  DesktopPage :98 - List Of Product : [[ChromeDriver: chrome on windows (138006962f267008265e24968d018f98)] -> xpath: //h4/a]
2023-12-19 19:12:502 INFO  ProductPage :55 - Verify Product name : [[ChromeDriver: chrome on windows (138006962f267008265e24968d018f98)] -> css selector: div[id='content'] h1]
2023-12-19 19:12:892 INFO  ShoppingCartPage :51 - Checking for shopping cart text : [[ChromeDriver: chrome on windows (138006962f267008265e24968d018f98)] -> xpath: //div[@id='content']//h1]
2023-12-19 19:12:920 INFO  ShoppingCartPage :56 - Getting product name text in shopping cart : [[ChromeDriver: chrome on windows (138006962f267008265e24968d018f98)] -> xpath: //div[@class = 'table-responsive']/table/tbody/tr/td[2]/a]
2023-12-19 19:12:954 INFO  ShoppingCartPage :66 - Getting model details in shopping cart : [[ChromeDriver: chrome on windows (138006962f267008265e24968d018f98)] -> xpath: //div[@class = 'table-responsive']/table/tbody/tr/td[3]]
2023-12-19 19:12:983 INFO  ShoppingCartPage :71 - Getting total amount in shopping cart : [[ChromeDriver: chrome on windows (138006962f267008265e24968d018f98)] -> xpath: //div[@class = 'table-responsive']/table/tbody/tr/td[6]]
2023-12-19 19:12:692 INFO  HomePage :99 - Hovering mouse and clicking on Laptops and Notebooks tab : [[ChromeDriver: chrome on windows (24f8e0eef40afaeef89113d8b03c1241)] -> xpath: //a[normalize-space()='Laptops & Notebooks']]
2023-12-19 19:12:441 INFO  HomePage :82 - Hovering mouse and Clicking on show all Laptops and Notebooks : [[ChromeDriver: chrome on windows (24f8e0eef40afaeef89113d8b03c1241)] -> xpath: //a[normalize-space()='Show AllLaptops & Notebooks']]
2023-12-19 19:12:540 INFO  LaptopAndNoteBookPage :54 - Clicking on SortBy filter drop down : [[ChromeDriver: chrome on windows (24f8e0eef40afaeef89113d8b03c1241)] -> id: input-sort]
2023-12-19 19:12:33 INFO  LaptopAndNoteBookPage :58 - Selecting sort by Price(High>Low) option : [[ChromeDriver: chrome on windows (24f8e0eef40afaeef89113d8b03c1241)] -> id: input-sort]
2023-12-19 19:12:129 INFO  LaptopAndNoteBookPage :68 - Taking actual sorted product prices : [[[ChromeDriver: chrome on windows (24f8e0eef40afaeef89113d8b03c1241)] -> xpath: //p[@class ='price']], [[ChromeDriver: chrome on windows (24f8e0eef40afaeef89113d8b03c1241)] -> xpath: //p[@class ='price']], [[ChromeDriver: chrome on windows (24f8e0eef40afaeef89113d8b03c1241)] -> xpath: //p[@class ='price']], [[ChromeDriver: chrome on windows (24f8e0eef40afaeef89113d8b03c1241)] -> xpath: //p[@class ='price']], [[ChromeDriver: chrome on windows (24f8e0eef40afaeef89113d8b03c1241)] -> xpath: //p[@class ='price']]]
2023-12-19 19:12:218 INFO  LaptopAndNoteBookPage :81 - Taking the prices and sorting is by collection.sort : [[[ChromeDriver: chrome on windows (24f8e0eef40afaeef89113d8b03c1241)] -> xpath: //p[@class ='price']], [[ChromeDriver: chrome on windows (24f8e0eef40afaeef89113d8b03c1241)] -> xpath: //p[@class ='price']], [[ChromeDriver: chrome on windows (24f8e0eef40afaeef89113d8b03c1241)] -> xpath: //p[@class ='price']], [[ChromeDriver: chrome on windows (24f8e0eef40afaeef89113d8b03c1241)] -> xpath: //p[@class ='price']], [[ChromeDriver: chrome on windows (24f8e0eef40afaeef89113d8b03c1241)] -> xpath: //p[@class ='price']]]
2023-12-19 19:12:931 INFO  HomePage :99 - Hovering mouse and clicking on Laptops and Notebooks tab : [[ChromeDriver: chrome on windows (8d88ea8b7ca300c3769007cdc3ade6f5)] -> xpath: //a[normalize-space()='Laptops & Notebooks']]
2023-12-19 19:12:122 INFO  HomePage :82 - Hovering mouse and Clicking on show all Laptops and Notebooks : [[ChromeDriver: chrome on windows (8d88ea8b7ca300c3769007cdc3ade6f5)] -> xpath: //a[normalize-space()='Show AllLaptops & Notebooks']]
2023-12-19 19:12:221 INFO  LaptopAndNoteBookPage :54 - Clicking on SortBy filter drop down : [[ChromeDriver: chrome on windows (8d88ea8b7ca300c3769007cdc3ade6f5)] -> id: input-sort]
2023-12-19 19:12:756 INFO  LaptopAndNoteBookPage :58 - Selecting sort by Price(High>Low) option : [[ChromeDriver: chrome on windows (8d88ea8b7ca300c3769007cdc3ade6f5)] -> id: input-sort]
2023-12-19 19:12:823 INFO  LaptopAndNoteBookPage :87 - Clicking on MacBook product link : [[ChromeDriver: chrome on windows (8d88ea8b7ca300c3769007cdc3ade6f5)] -> link text: MacBook]
2023-12-19 19:12:844 INFO  MacBookPage :31 - Getting text from macbook page : [[ChromeDriver: chrome on windows (8d88ea8b7ca300c3769007cdc3ade6f5)] -> xpath: //h1[contains(text(),'MacBook')]]
2023-12-19 19:12:932 INFO  MacBookPage :37 - Clicking on add to cart : [[ChromeDriver: chrome on windows (8d88ea8b7ca300c3769007cdc3ade6f5)] -> xpath: //button[@id='button-cart']]
2023-12-19 19:12:209 INFO  MacBookPage :41 - Checking for product added to cart successfully : [[ChromeDriver: chrome on windows (8d88ea8b7ca300c3769007cdc3ade6f5)] -> css selector: body:nth-child(2) div.container:nth-child(4) > div.alert.alert-success.alert-dismissible]
2023-12-19 19:12:714 INFO  MacBookPage :47 - Clicking on shopping cart : [[ChromeDriver: chrome on windows (8d88ea8b7ca300c3769007cdc3ade6f5)] -> xpath: //div[@class='alert alert-success alert-dismissible']/a[2]]
2023-12-19 19:12:742 INFO  ShoppingCartPage :51 - Checking for shopping cart text : [[ChromeDriver: chrome on windows (8d88ea8b7ca300c3769007cdc3ade6f5)] -> xpath: //div[@id='content']//h1]
2023-12-19 19:12:773 INFO  ShoppingCartPage :56 - Getting product name text in shopping cart : [[ChromeDriver: chrome on windows (8d88ea8b7ca300c3769007cdc3ade6f5)] -> xpath: //div[@class = 'table-responsive']/table/tbody/tr/td[2]/a]
2023-12-19 19:12:915 INFO  ShoppingCartPage :78 - Sending quantity to quantity box in shopping cart : [[ChromeDriver: chrome on windows (8d88ea8b7ca300c3769007cdc3ade6f5)] -> xpath: //div[@class='input-group btn-block']/input[@type='text']]
2023-12-19 19:12:605 INFO  ShoppingCartPage :83 - Clicking on refresh button : [[ChromeDriver: chrome on windows (8d88ea8b7ca300c3769007cdc3ade6f5)] -> xpath: //i[@class = 'fa fa-refresh']]
2023-12-19 19:12:627 INFO  ShoppingCartPage :87 - Checking for success message after refreshing the product : [[ChromeDriver: chrome on windows (8d88ea8b7ca300c3769007cdc3ade6f5)] -> xpath: //div[@id='checkout-cart']/div[1]]
2023-12-19 19:12:655 INFO  ShoppingCartPage :71 - Getting total amount in shopping cart : [[ChromeDriver: chrome on windows (8d88ea8b7ca300c3769007cdc3ade6f5)] -> xpath: //div[@class = 'table-responsive']/table/tbody/tr/td[6]]
2023-12-19 19:12:161 INFO  ShoppingCartPage :93 - Clicking on logout button : Proxy element for: DefaultElementLocator 'By.xpath: //i[@class = 'fa fa-refresh']'
2023-12-19 19:12:183 INFO  CheckOutPage :87 - Getting text from checkout page : [[ChromeDriver: chrome on windows (8d88ea8b7ca300c3769007cdc3ade6f5)] -> xpath: //h1[contains(text(),'Checkout')]]
2023-12-19 19:12:209 INFO  CheckOutPage :92 - Getting New Customer text : [[ChromeDriver: chrome on windows (8d88ea8b7ca300c3769007cdc3ade6f5)] -> xpath: //h2[contains(text(),'New Customer')]]
2023-12-19 19:12:286 INFO  CheckOutPage :98 - Clicking on Guest checkout radio button : [[ChromeDriver: chrome on windows (8d88ea8b7ca300c3769007cdc3ade6f5)] -> xpath: //div[@id='checkout-checkout']//input[@value='guest']]
2023-12-19 19:12:353 INFO  CheckOutPage :103 - Clicking on continue button : [[ChromeDriver: chrome on windows (8d88ea8b7ca300c3769007cdc3ade6f5)] -> xpath: //input[@id='button-account']]
2023-12-19 19:12:271 INFO  CheckOutPage :118 - Sending firstname to billing details : [[ChromeDriver: chrome on windows (8d88ea8b7ca300c3769007cdc3ade6f5)] -> id: input-payment-firstname]
2023-12-19 19:12:360 INFO  CheckOutPage :123 - Sending lastname to billing details : [[ChromeDriver: chrome on windows (8d88ea8b7ca300c3769007cdc3ade6f5)] -> id: input-payment-lastname]
2023-12-19 19:12:505 INFO  CheckOutPage :128 - Sending email to billing details : [[ChromeDriver: chrome on windows (8d88ea8b7ca300c3769007cdc3ade6f5)] -> id: input-payment-email]
2023-12-19 19:12:602 INFO  CheckOutPage :133 - Sending telephone to billing details : [[ChromeDriver: chrome on windows (8d88ea8b7ca300c3769007cdc3ade6f5)] -> id: input-payment-telephone]
2023-12-19 19:12:699 INFO  CheckOutPage :138 - Sending address to billing details : [[ChromeDriver: chrome on windows (8d88ea8b7ca300c3769007cdc3ade6f5)] -> id: input-payment-address-1]
2023-12-19 19:12:787 INFO  CheckOutPage :143 - Sending city to billing details : [[ChromeDriver: chrome on windows (8d88ea8b7ca300c3769007cdc3ade6f5)] -> id: input-payment-city]
2023-12-19 19:12:873 INFO  CheckOutPage :148 - Sending postcode to billing details : [[ChromeDriver: chrome on windows (8d88ea8b7ca300c3769007cdc3ade6f5)] -> id: input-payment-postcode]
2023-12-19 19:12:967 INFO  CheckOutPage :153 - Selecting country to billing details from dropdown : [[ChromeDriver: chrome on windows (8d88ea8b7ca300c3769007cdc3ade6f5)] -> id: input-payment-country]
2023-12-19 19:12:95 INFO  CheckOutPage :158 - Selecting region to billing details from dropdown : [[ChromeDriver: chrome on windows (8d88ea8b7ca300c3769007cdc3ade6f5)] -> id: input-payment-zone]
2023-12-19 19:12:170 INFO  CheckOutPage :108 - Clicking on continue button in billing details : [[ChromeDriver: chrome on windows (8d88ea8b7ca300c3769007cdc3ade6f5)] -> xpath: //input[@id='button-guest']]
2023-12-19 19:12:828 INFO  CheckOutPage :163 - Sending comments to billing details : [[ChromeDriver: chrome on windows (8d88ea8b7ca300c3769007cdc3ade6f5)] -> name: comment]
2023-12-19 19:12:290 INFO  HomePage :122 - Clicking on My Accounts Tab : [[ChromeDriver: chrome on windows (050e4096e6beb519d2b5d10ae84bd22a)] -> xpath: //span[contains(text(),'My Account')]]
2023-12-19 19:12:339 INFO  HomePage :126 - Getting text from Register Account : [[ChromeDriver: chrome on windows (050e4096e6beb519d2b5d10ae84bd22a)] -> xpath: //h1[contains(text(),'Register Account')]]
2023-12-19 19:12:205 INFO  HomePage :122 - Clicking on My Accounts Tab : [[ChromeDriver: chrome on windows (514a510bc29556d18828f1efd18560f8)] -> xpath: //span[contains(text(),'My Account')]]
2023-12-19 19:12:676 INFO  HomePage :131 - Getting text from Login Account : [[ChromeDriver: chrome on windows (514a510bc29556d18828f1efd18560f8)] -> xpath: //h2[contains(text(),'Returning Customer')]]
2023-12-19 19:12:358 INFO  HomePage :122 - Clicking on My Accounts Tab : [[ChromeDriver: chrome on windows (c2a7a8de76a10d79f40da82c4191b23b)] -> xpath: //span[contains(text(),'My Account')]]
2023-12-19 19:12:345 INFO  RegisterPage :53 - Sending firstname to register page : [[ChromeDriver: chrome on windows (c2a7a8de76a10d79f40da82c4191b23b)] -> name: firstname]
2023-12-19 19:12:428 INFO  RegisterPage :58 - Sending lastname to register page : [[ChromeDriver: chrome on windows (c2a7a8de76a10d79f40da82c4191b23b)] -> name: lastname]
2023-12-19 19:12:513 INFO  RegisterPage :63 - Sending email to register page : [[ChromeDriver: chrome on windows (c2a7a8de76a10d79f40da82c4191b23b)] -> name: email]
2023-12-19 19:12:598 INFO  RegisterPage :68 - Sending telephone to register page : [[ChromeDriver: chrome on windows (c2a7a8de76a10d79f40da82c4191b23b)] -> name: telephone]
2023-12-19 19:12:680 INFO  RegisterPage :73 - Sending password to register page : [[ChromeDriver: chrome on windows (c2a7a8de76a10d79f40da82c4191b23b)] -> name: password]
2023-12-19 19:12:763 INFO  RegisterPage :78 - Sending confirm password to register page : [[ChromeDriver: chrome on windows (c2a7a8de76a10d79f40da82c4191b23b)] -> name: confirm]
2023-12-19 19:12:839 INFO  RegisterPage :83 - Clicking on newsletter check box : [[ChromeDriver: chrome on windows (c2a7a8de76a10d79f40da82c4191b23b)] -> name: newsletter]
2023-12-19 19:12:907 INFO  RegisterPage :88 - Clicking on privacy policy check box : [[ChromeDriver: chrome on windows (c2a7a8de76a10d79f40da82c4191b23b)] -> name: agree]
2023-12-19 19:12:962 INFO  RegisterPage :93 - Clicking on continue button : [[ChromeDriver: chrome on windows (c2a7a8de76a10d79f40da82c4191b23b)] -> xpath: //input[@type='submit']]
2023-12-19 19:12:11 INFO  AccountCreationPage :24 - Getting account creation text Proxy element for: DefaultElementLocator 'By.xpath: //h1[normalize-space()='Your Account Has Been Created!']'
2023-12-19 19:12:140 INFO  HomePage :122 - Clicking on My Accounts Tab : [[ChromeDriver: chrome on windows (abe8a5690bb8f67cce9e4011db69d1a3)] -> xpath: //span[contains(text(),'My Account')]]
2023-12-19 19:12:751 INFO  LoginPage :28 - Sending email to login page: [[ChromeDriver: chrome on windows (abe8a5690bb8f67cce9e4011db69d1a3)] -> name: email]
2023-12-19 19:12:838 INFO  LoginPage :33 - Sending password to login page: [[ChromeDriver: chrome on windows (abe8a5690bb8f67cce9e4011db69d1a3)] -> name: password]
2023-12-19 19:12:575 INFO  LoginPage :38 - Clicking on login button: [[ChromeDriver: chrome on windows (abe8a5690bb8f67cce9e4011db69d1a3)] -> xpath: //input[@value='Login']]
2023-12-19 19:12:611 INFO  AccountPage :55 - Getting text from my account : [[ChromeDriver: chrome on windows (abe8a5690bb8f67cce9e4011db69d1a3)] -> xpath: //div[@id='content']/h2[text()='My Account']]
2023-12-19 19:12:683 INFO  AccountPage :46 - Clicking on My Account link : [[ChromeDriver: chrome on windows (abe8a5690bb8f67cce9e4011db69d1a3)] -> xpath: //a[@title='My Account']]
2023-12-19 19:12:406 INFO  LogoutPage :19 - Getting text from logout page : [[ChromeDriver: chrome on windows (abe8a5690bb8f67cce9e4011db69d1a3)] -> xpath: //h1[contains(text(),'Account Logout')]]
2023-12-19 19:12:428 INFO  AccountCreationPage :29 - Clicking on continue after account button [[ChromeDriver: chrome on windows (abe8a5690bb8f67cce9e4011db69d1a3)] -> xpath: //a[text()='Continue']]
2023-12-19 19:12:370 INFO  HomePage :94 - Hovering mouse and clicking on Desktops tab : [[ChromeDriver: chrome on windows (39b52620bbf249576f0577e4375df127)] -> xpath: //a[@class='dropdown-toggle'][normalize-space()='Desktops']]
2023-12-19 19:12:765 INFO  HomePage :78 - Hovering mouse and Clicking on show all desktops : [[ChromeDriver: chrome on windows (39b52620bbf249576f0577e4375df127)] -> xpath: //a[normalize-space()='Show AllDesktops']]
2023-12-19 19:12:801 INFO  DesktopPage :37 - Getting text from desktops page : [[ChromeDriver: chrome on windows (39b52620bbf249576f0577e4375df127)] -> xpath: //h2[contains(text(),'Desktops')]]
2023-12-19 19:12:38 INFO  HomePage :99 - Hovering mouse and clicking on Laptops and Notebooks tab : [[ChromeDriver: chrome on windows (911897972199606b3f51828a97f25cbb)] -> xpath: //a[normalize-space()='Laptops & Notebooks']]
2023-12-19 19:12:782 INFO  HomePage :82 - Hovering mouse and Clicking on show all Laptops and Notebooks : [[ChromeDriver: chrome on windows (911897972199606b3f51828a97f25cbb)] -> xpath: //a[normalize-space()='Show AllLaptops & Notebooks']]
2023-12-19 19:12:810 INFO  LaptopAndNoteBookPage :35 - Getting text from Laptops and Notebooks page : [[ChromeDriver: chrome on windows (911897972199606b3f51828a97f25cbb)] -> xpath: //h2[contains(text(),'Laptops & Notebooks')]]
2023-12-19 19:12:200 INFO  HomePage :104 - Hovering mouse and clicking on Components tab : [[ChromeDriver: chrome on windows (4be00d1c0269985cf87bbf29c89998b8)] -> xpath: //a[normalize-space()='Components']]
2023-12-19 19:12:956 INFO  HomePage :86 - Hovering mouse and Clicking on show all Components : [[ChromeDriver: chrome on windows (4be00d1c0269985cf87bbf29c89998b8)] -> xpath: //a[normalize-space()='Components']]
2023-12-19 19:12:981 INFO  ComponentsPage :19 - Getting text from components page : [[ChromeDriver: chrome on windows (4be00d1c0269985cf87bbf29c89998b8)] -> xpath: //h2[contains(text(),'Components')]]
